20-Jan-24 10:19:22 - Не создан - None - Смартфоны - re:Store - +12345678910 - Suite 445 9788 Devin Ford, Port Josef, OK 08552 - email@gmail.com - re:Store - iPhone 15 Pro Max - 1199 - 1
20-Jan-24 10:19:22 - Не создан - iPhone 15 Pro - Смартфоны - re:Store - +12345678910 - Suite 445 9788 Devin Ford, Port Josef, OK 08552 - email@gmail.com - re:Store - iPhone 15 Pro - 999 - 5
20-Jan-24 10:19:22 - Не создан - iPhone 15 Plus - Смартфоны - re:Store - +12345678910 - Suite 445 9788 Devin Ford, Port Josef, OK 08552 - email@gmail.com - re:Store - iPhone 15 Plus - 899 - 10
20-Jan-24 10:19:22 - Не создан - iPhone 15 - Смартфоны - re:Store - +12345678910 - Suite 445 9788 Devin Ford, Port Josef, OK 08552 - email@gmail.com - re:Store - iPhone 15 - 799 - 15
20-Jan-24 10:19:22 - Не создан - iPhone SE - Смартфоны - re:Store - +12345678910 - Suite 445 9788 Devin Ford, Port Josef, OK 08552 - email@gmail.com - re:Store - iPhone SE - 429 - 20
20-Jan-24 10:19:22 - Создан - iPhone 15 Pro Max - Смартфоны - re:Store - +12345678910 - Suite 445 9788 Devin Ford, Port Josef, OK 08552 - email@gmail.com - re:Store - iPhone 15 Pro Max - 1199 - 1
20-Jan-24 10:19:22 - Создан - iPhone 15 Pro - Смартфоны - re:Store - +12345678910 - Suite 445 9788 Devin Ford, Port Josef, OK 08552 - email@gmail.com - re:Store - iPhone 15 Pro - 999 - 5
20-Jan-24 10:19:22 - Создан - iPhone 15 Plus - Смартфоны - re:Store - +12345678910 - Suite 445 9788 Devin Ford, Port Josef, OK 08552 - email@gmail.com - re:Store - iPhone 15 Plus - 899 - 10
20-Jan-24 10:19:22 - Создан - iPhone 15 - Смартфоны - re:Store - +12345678910 - Suite 445 9788 Devin Ford, Port Josef, OK 08552 - email@gmail.com - re:Store - iPhone 15 - 799 - 15
20-Jan-24 10:19:22 - Создан - iPhone SE - Смартфоны - re:Store - +12345678910 - Suite 445 9788 Devin Ford, Port Josef, OK 08552 - email@gmail.com - re:Store - iPhone SE - 429 - 20
20-Jan-24 10:19:22 - Не создан - None - Смартфоны - re:Store - +12345678910 - Suite 445 9788 Devin Ford, Port Josef, OK 08552 - email@gmail.com - re:Store - iPhone 15 Pro Max - 1199 - 1
20-Jan-24 10:19:22 - Не создан - iPhone 15 Pro - Смартфоны - re:Store - +12345678910 - Suite 445 9788 Devin Ford, Port Josef, OK 08552 - email@gmail.com - re:Store - iPhone 15 Pro - 999 - 5
20-Jan-24 10:19:22 - Не создан - iPhone 15 Plus - Смартфоны - re:Store - +12345678910 - Suite 445 9788 Devin Ford, Port Josef, OK 08552 - email@gmail.com - re:Store - iPhone 15 Plus - 899 - 10
20-Jan-24 10:19:22 - Не создан - iPhone 15 - Смартфоны - re:Store - +12345678910 - Suite 445 9788 Devin Ford, Port Josef, OK 08552 - email@gmail.com - re:Store - iPhone 15 - 799 - 15
20-Jan-24 10:19:22 - Не создан - iPhone SE - Смартфоны - re:Store - +12345678910 - Suite 445 9788 Devin Ford, Port Josef, OK 08552 - email@gmail.com - re:Store - iPhone SE - 429 - 20
20-Jan-24 10:19:22 - Создан - iPhone 15 Pro Max - Смартфоны - re:Store - +12345678910 - Suite 445 9788 Devin Ford, Port Josef, OK 08552 - email@gmail.com - re:Store - iPhone 15 Pro Max - 1199 - 1
20-Jan-24 10:19:22 - Создан - iPhone 15 Pro - Смартфоны - re:Store - +12345678910 - Suite 445 9788 Devin Ford, Port Josef, OK 08552 - email@gmail.com - re:Store - iPhone 15 Pro - 999 - 5
20-Jan-24 10:19:22 - Создан - iPhone 15 Plus - Смартфоны - re:Store - +12345678910 - Suite 445 9788 Devin Ford, Port Josef, OK 08552 - email@gmail.com - re:Store - iPhone 15 Plus - 899 - 10
20-Jan-24 10:19:22 - Создан - iPhone 15 - Смартфоны - re:Store - +12345678910 - Suite 445 9788 Devin Ford, Port Josef, OK 08552 - email@gmail.com - re:Store - iPhone 15 - 799 - 15
20-Jan-24 10:19:22 - Создан - iPhone SE - Смартфоны - re:Store - +12345678910 - Suite 445 9788 Devin Ford, Port Josef, OK 08552 - email@gmail.com - re:Store - iPhone SE - 429 - 20
20-Jan-24 10:20:15 - Не создан - None - Смартфоны - re:Store - +12345678910 - Suite 445 9788 Devin Ford, Port Josef, OK 08552 - email@gmail.com - re:Store - iPhone 15 Pro Max - 1199 - 1
20-Jan-24 10:20:15 - Не создан - iPhone 15 Pro - Смартфоны - re:Store - +12345678910 - Suite 445 9788 Devin Ford, Port Josef, OK 08552 - email@gmail.com - re:Store - iPhone 15 Pro - 999 - 5
20-Jan-24 10:20:15 - Не создан - iPhone 15 Plus - Смартфоны - re:Store - +12345678910 - Suite 445 9788 Devin Ford, Port Josef, OK 08552 - email@gmail.com - re:Store - iPhone 15 Plus - 899 - 10
20-Jan-24 10:20:15 - Не создан - iPhone 15 - Смартфоны - re:Store - +12345678910 - Suite 445 9788 Devin Ford, Port Josef, OK 08552 - email@gmail.com - re:Store - iPhone 15 - 799 - 15
20-Jan-24 10:20:15 - Не создан - iPhone SE - Смартфоны - re:Store - +12345678910 - Suite 445 9788 Devin Ford, Port Josef, OK 08552 - email@gmail.com - re:Store - iPhone SE - 429 - 20
20-Jan-24 10:20:15 - Создан - iPhone 15 Pro Max - Смартфоны - re:Store - +12345678910 - Suite 445 9788 Devin Ford, Port Josef, OK 08552 - email@gmail.com - re:Store - iPhone 15 Pro Max - 1199 - 1
20-Jan-24 10:20:15 - Создан - iPhone 15 Pro - Смартфоны - re:Store - +12345678910 - Suite 445 9788 Devin Ford, Port Josef, OK 08552 - email@gmail.com - re:Store - iPhone 15 Pro - 999 - 5
20-Jan-24 10:20:15 - Создан - iPhone 15 Plus - Смартфоны - re:Store - +12345678910 - Suite 445 9788 Devin Ford, Port Josef, OK 08552 - email@gmail.com - re:Store - iPhone 15 Plus - 899 - 10
20-Jan-24 10:20:15 - Создан - iPhone 15 - Смартфоны - re:Store - +12345678910 - Suite 445 9788 Devin Ford, Port Josef, OK 08552 - email@gmail.com - re:Store - iPhone 15 - 799 - 15
20-Jan-24 10:20:15 - Создан - iPhone SE - Смартфоны - re:Store - +12345678910 - Suite 445 9788 Devin Ford, Port Josef, OK 08552 - email@gmail.com - re:Store - iPhone SE - 429 - 20
20-Jan-24 10:20:15 - Не создан - None - Смартфоны - re:Store - +12345678910 - Suite 445 9788 Devin Ford, Port Josef, OK 08552 - email@gmail.com - re:Store - iPhone 15 Pro Max - 1199 - 1
20-Jan-24 10:20:15 - Не создан - iPhone 15 Pro - Смартфоны - re:Store - +12345678910 - Suite 445 9788 Devin Ford, Port Josef, OK 08552 - email@gmail.com - re:Store - iPhone 15 Pro - 999 - 5
20-Jan-24 10:20:15 - Не создан - iPhone 15 Plus - Смартфоны - re:Store - +12345678910 - Suite 445 9788 Devin Ford, Port Josef, OK 08552 - email@gmail.com - re:Store - iPhone 15 Plus - 899 - 10
20-Jan-24 10:20:15 - Не создан - iPhone 15 - Смартфоны - re:Store - +12345678910 - Suite 445 9788 Devin Ford, Port Josef, OK 08552 - email@gmail.com - re:Store - iPhone 15 - 799 - 15
20-Jan-24 10:20:15 - Не создан - iPhone SE - Смартфоны - re:Store - +12345678910 - Suite 445 9788 Devin Ford, Port Josef, OK 08552 - email@gmail.com - re:Store - iPhone SE - 429 - 20
20-Jan-24 10:20:15 - Создан - iPhone 15 Pro Max - Смартфоны - re:Store - +12345678910 - Suite 445 9788 Devin Ford, Port Josef, OK 08552 - email@gmail.com - re:Store - iPhone 15 Pro Max - 1199 - 1
20-Jan-24 10:20:15 - Создан - iPhone 15 Pro - Смартфоны - re:Store - +12345678910 - Suite 445 9788 Devin Ford, Port Josef, OK 08552 - email@gmail.com - re:Store - iPhone 15 Pro - 999 - 5
20-Jan-24 10:20:15 - Создан - iPhone 15 Plus - Смартфоны - re:Store - +12345678910 - Suite 445 9788 Devin Ford, Port Josef, OK 08552 - email@gmail.com - re:Store - iPhone 15 Plus - 899 - 10
20-Jan-24 10:20:15 - Создан - iPhone 15 - Смартфоны - re:Store - +12345678910 - Suite 445 9788 Devin Ford, Port Josef, OK 08552 - email@gmail.com - re:Store - iPhone 15 - 799 - 15
20-Jan-24 10:20:15 - Создан - iPhone SE - Смартфоны - re:Store - +12345678910 - Suite 445 9788 Devin Ford, Port Josef, OK 08552 - email@gmail.com - re:Store - iPhone SE - 429 - 20
20-Jan-24 10:20:36 - Не создан - None - Смартфоны - re:Store - +12345678910 - Suite 445 9788 Devin Ford, Port Josef, OK 08552 - email@gmail.com - re:Store - iPhone 15 Pro Max - 1199 - 1
20-Jan-24 10:20:36 - Не создан - iPhone 15 Pro - Смартфоны - re:Store - +12345678910 - Suite 445 9788 Devin Ford, Port Josef, OK 08552 - email@gmail.com - re:Store - iPhone 15 Pro - 999 - 5
20-Jan-24 10:20:36 - Не создан - iPhone 15 Plus - Смартфоны - re:Store - +12345678910 - Suite 445 9788 Devin Ford, Port Josef, OK 08552 - email@gmail.com - re:Store - iPhone 15 Plus - 899 - 10
20-Jan-24 10:20:36 - Не создан - iPhone 15 - Смартфоны - re:Store - +12345678910 - Suite 445 9788 Devin Ford, Port Josef, OK 08552 - email@gmail.com - re:Store - iPhone 15 - 799 - 15
20-Jan-24 10:20:36 - Не создан - iPhone SE - Смартфоны - re:Store - +12345678910 - Suite 445 9788 Devin Ford, Port Josef, OK 08552 - email@gmail.com - re:Store - iPhone SE - 429 - 20
20-Jan-24 10:20:36 - Создан - iPhone 15 Pro Max - Смартфоны - re:Store - +12345678910 - Suite 445 9788 Devin Ford, Port Josef, OK 08552 - email@gmail.com - re:Store - iPhone 15 Pro Max - 1199 - 1
20-Jan-24 10:20:36 - Создан - iPhone 15 Pro - Смартфоны - re:Store - +12345678910 - Suite 445 9788 Devin Ford, Port Josef, OK 08552 - email@gmail.com - re:Store - iPhone 15 Pro - 999 - 5
20-Jan-24 10:20:36 - Создан - iPhone 15 Plus - Смартфоны - re:Store - +12345678910 - Suite 445 9788 Devin Ford, Port Josef, OK 08552 - email@gmail.com - re:Store - iPhone 15 Plus - 899 - 10
20-Jan-24 10:20:36 - Создан - iPhone 15 - Смартфоны - re:Store - +12345678910 - Suite 445 9788 Devin Ford, Port Josef, OK 08552 - email@gmail.com - re:Store - iPhone 15 - 799 - 15
20-Jan-24 10:20:36 - Создан - iPhone SE - Смартфоны - re:Store - +12345678910 - Suite 445 9788 Devin Ford, Port Josef, OK 08552 - email@gmail.com - re:Store - iPhone SE - 429 - 20
20-Jan-24 10:20:36 - Не создан - None - Смартфоны - re:Store - +12345678910 - Suite 445 9788 Devin Ford, Port Josef, OK 08552 - email@gmail.com - re:Store - iPhone 15 Pro Max - 1199 - 1
20-Jan-24 10:20:36 - Не создан - iPhone 15 Pro - Смартфоны - re:Store - +12345678910 - Suite 445 9788 Devin Ford, Port Josef, OK 08552 - email@gmail.com - re:Store - iPhone 15 Pro - 999 - 5
20-Jan-24 10:20:36 - Не создан - iPhone 15 Plus - Смартфоны - re:Store - +12345678910 - Suite 445 9788 Devin Ford, Port Josef, OK 08552 - email@gmail.com - re:Store - iPhone 15 Plus - 899 - 10
20-Jan-24 10:20:36 - Не создан - iPhone 15 - Смартфоны - re:Store - +12345678910 - Suite 445 9788 Devin Ford, Port Josef, OK 08552 - email@gmail.com - re:Store - iPhone 15 - 799 - 15
20-Jan-24 10:20:36 - Не создан - iPhone SE - Смартфоны - re:Store - +12345678910 - Suite 445 9788 Devin Ford, Port Josef, OK 08552 - email@gmail.com - re:Store - iPhone SE - 429 - 20
20-Jan-24 10:20:36 - Создан - iPhone 15 Pro Max - Смартфоны - re:Store - +12345678910 - Suite 445 9788 Devin Ford, Port Josef, OK 08552 - email@gmail.com - re:Store - iPhone 15 Pro Max - 1199 - 1
20-Jan-24 10:20:36 - Создан - iPhone 15 Pro - Смартфоны - re:Store - +12345678910 - Suite 445 9788 Devin Ford, Port Josef, OK 08552 - email@gmail.com - re:Store - iPhone 15 Pro - 999 - 5
20-Jan-24 10:20:36 - Создан - iPhone 15 Plus - Смартфоны - re:Store - +12345678910 - Suite 445 9788 Devin Ford, Port Josef, OK 08552 - email@gmail.com - re:Store - iPhone 15 Plus - 899 - 10
20-Jan-24 10:20:36 - Создан - iPhone 15 - Смартфоны - re:Store - +12345678910 - Suite 445 9788 Devin Ford, Port Josef, OK 08552 - email@gmail.com - re:Store - iPhone 15 - 799 - 15
20-Jan-24 10:20:36 - Создан - iPhone SE - Смартфоны - re:Store - +12345678910 - Suite 445 9788 Devin Ford, Port Josef, OK 08552 - email@gmail.com - re:Store - iPhone SE - 429 - 20
20-Jan-24 10:21:01 - Не создан - None - Смартфоны - re:Store - +12345678910 - Suite 445 9788 Devin Ford, Port Josef, OK 08552 - email@gmail.com - re:Store - iPhone 15 Pro Max - 1199 - 1
20-Jan-24 10:21:01 - Не создан - iPhone 15 Pro - Смартфоны - re:Store - +12345678910 - Suite 445 9788 Devin Ford, Port Josef, OK 08552 - email@gmail.com - re:Store - iPhone 15 Pro - 999 - 5
20-Jan-24 10:21:01 - Не создан - iPhone 15 Plus - Смартфоны - re:Store - +12345678910 - Suite 445 9788 Devin Ford, Port Josef, OK 08552 - email@gmail.com - re:Store - iPhone 15 Plus - 899 - 10
20-Jan-24 10:21:01 - Не создан - iPhone 15 - Смартфоны - re:Store - +12345678910 - Suite 445 9788 Devin Ford, Port Josef, OK 08552 - email@gmail.com - re:Store - iPhone 15 - 799 - 15
20-Jan-24 10:21:01 - Не создан - iPhone SE - Смартфоны - re:Store - +12345678910 - Suite 445 9788 Devin Ford, Port Josef, OK 08552 - email@gmail.com - re:Store - iPhone SE - 429 - 20
20-Jan-24 10:21:01 - Создан - iPhone 15 Pro Max - Смартфоны - re:Store - +12345678910 - Suite 445 9788 Devin Ford, Port Josef, OK 08552 - email@gmail.com - re:Store - iPhone 15 Pro Max - 1199 - 1
20-Jan-24 10:21:01 - Создан - iPhone 15 Pro - Смартфоны - re:Store - +12345678910 - Suite 445 9788 Devin Ford, Port Josef, OK 08552 - email@gmail.com - re:Store - iPhone 15 Pro - 999 - 5
20-Jan-24 10:21:01 - Создан - iPhone 15 Plus - Смартфоны - re:Store - +12345678910 - Suite 445 9788 Devin Ford, Port Josef, OK 08552 - email@gmail.com - re:Store - iPhone 15 Plus - 899 - 10
20-Jan-24 10:21:01 - Создан - iPhone 15 - Смартфоны - re:Store - +12345678910 - Suite 445 9788 Devin Ford, Port Josef, OK 08552 - email@gmail.com - re:Store - iPhone 15 - 799 - 15
20-Jan-24 10:21:01 - Создан - iPhone SE - Смартфоны - re:Store - +12345678910 - Suite 445 9788 Devin Ford, Port Josef, OK 08552 - email@gmail.com - re:Store - iPhone SE - 429 - 20
20-Jan-24 10:21:01 - Не создан - None - Смартфоны - re:Store - +12345678910 - Suite 445 9788 Devin Ford, Port Josef, OK 08552 - email@gmail.com - re:Store - iPhone 15 Pro Max - 1199 - 1
20-Jan-24 10:21:01 - Не создан - iPhone 15 Pro - Смартфоны - re:Store - +12345678910 - Suite 445 9788 Devin Ford, Port Josef, OK 08552 - email@gmail.com - re:Store - iPhone 15 Pro - 999 - 5
20-Jan-24 10:21:01 - Не создан - iPhone 15 Plus - Смартфоны - re:Store - +12345678910 - Suite 445 9788 Devin Ford, Port Josef, OK 08552 - email@gmail.com - re:Store - iPhone 15 Plus - 899 - 10
20-Jan-24 10:21:01 - Не создан - iPhone 15 - Смартфоны - re:Store - +12345678910 - Suite 445 9788 Devin Ford, Port Josef, OK 08552 - email@gmail.com - re:Store - iPhone 15 - 799 - 15
20-Jan-24 10:21:01 - Не создан - iPhone SE - Смартфоны - re:Store - +12345678910 - Suite 445 9788 Devin Ford, Port Josef, OK 08552 - email@gmail.com - re:Store - iPhone SE - 429 - 20
20-Jan-24 10:21:01 - Создан - iPhone 15 Pro Max - Смартфоны - re:Store - +12345678910 - Suite 445 9788 Devin Ford, Port Josef, OK 08552 - email@gmail.com - re:Store - iPhone 15 Pro Max - 1199 - 1
20-Jan-24 10:21:01 - Создан - iPhone 15 Pro - Смартфоны - re:Store - +12345678910 - Suite 445 9788 Devin Ford, Port Josef, OK 08552 - email@gmail.com - re:Store - iPhone 15 Pro - 999 - 5
20-Jan-24 10:21:01 - Создан - iPhone 15 Plus - Смартфоны - re:Store - +12345678910 - Suite 445 9788 Devin Ford, Port Josef, OK 08552 - email@gmail.com - re:Store - iPhone 15 Plus - 899 - 10
20-Jan-24 10:21:01 - Создан - iPhone 15 - Смартфоны - re:Store - +12345678910 - Suite 445 9788 Devin Ford, Port Josef, OK 08552 - email@gmail.com - re:Store - iPhone 15 - 799 - 15
20-Jan-24 10:21:01 - Создан - iPhone SE - Смартфоны - re:Store - +12345678910 - Suite 445 9788 Devin Ford, Port Josef, OK 08552 - email@gmail.com - re:Store - iPhone SE - 429 - 20
20-Jan-24 10:21:18 - Не создан - None - Смартфоны - re:Store - +12345678910 - Suite 445 9788 Devin Ford, Port Josef, OK 08552 - email@gmail.com - re:Store - iPhone 15 Pro Max - 1199 - 1
20-Jan-24 10:21:18 - Не создан - iPhone 15 Pro - Смартфоны - re:Store - +12345678910 - Suite 445 9788 Devin Ford, Port Josef, OK 08552 - email@gmail.com - re:Store - iPhone 15 Pro - 999 - 5
20-Jan-24 10:21:18 - Не создан - iPhone 15 Plus - Смартфоны - re:Store - +12345678910 - Suite 445 9788 Devin Ford, Port Josef, OK 08552 - email@gmail.com - re:Store - iPhone 15 Plus - 899 - 10
20-Jan-24 10:21:18 - Не создан - iPhone 15 - Смартфоны - re:Store - +12345678910 - Suite 445 9788 Devin Ford, Port Josef, OK 08552 - email@gmail.com - re:Store - iPhone 15 - 799 - 15
20-Jan-24 10:21:18 - Не создан - iPhone SE - Смартфоны - re:Store - +12345678910 - Suite 445 9788 Devin Ford, Port Josef, OK 08552 - email@gmail.com - re:Store - iPhone SE - 429 - 20
20-Jan-24 10:21:18 - Создан - iPhone 15 Pro Max - Смартфоны - re:Store - +12345678910 - Suite 445 9788 Devin Ford, Port Josef, OK 08552 - email@gmail.com - re:Store - iPhone 15 Pro Max - 1199 - 1
20-Jan-24 10:21:18 - Создан - iPhone 15 Pro - Смартфоны - re:Store - +12345678910 - Suite 445 9788 Devin Ford, Port Josef, OK 08552 - email@gmail.com - re:Store - iPhone 15 Pro - 999 - 5
20-Jan-24 10:21:18 - Создан - iPhone 15 Plus - Смартфоны - re:Store - +12345678910 - Suite 445 9788 Devin Ford, Port Josef, OK 08552 - email@gmail.com - re:Store - iPhone 15 Plus - 899 - 10
20-Jan-24 10:21:18 - Создан - iPhone 15 - Смартфоны - re:Store - +12345678910 - Suite 445 9788 Devin Ford, Port Josef, OK 08552 - email@gmail.com - re:Store - iPhone 15 - 799 - 15
20-Jan-24 10:21:18 - Создан - iPhone SE - Смартфоны - re:Store - +12345678910 - Suite 445 9788 Devin Ford, Port Josef, OK 08552 - email@gmail.com - re:Store - iPhone SE - 429 - 20
20-Jan-24 10:21:18 - Не создан - None - Смартфоны - re:Store - +12345678910 - Suite 445 9788 Devin Ford, Port Josef, OK 08552 - email@gmail.com - re:Store - iPhone 15 Pro Max - 1199 - 1
20-Jan-24 10:21:18 - Не создан - iPhone 15 Pro - Смартфоны - re:Store - +12345678910 - Suite 445 9788 Devin Ford, Port Josef, OK 08552 - email@gmail.com - re:Store - iPhone 15 Pro - 999 - 5
20-Jan-24 10:21:18 - Не создан - iPhone 15 Plus - Смартфоны - re:Store - +12345678910 - Suite 445 9788 Devin Ford, Port Josef, OK 08552 - email@gmail.com - re:Store - iPhone 15 Plus - 899 - 10
20-Jan-24 10:21:18 - Не создан - iPhone 15 - Смартфоны - re:Store - +12345678910 - Suite 445 9788 Devin Ford, Port Josef, OK 08552 - email@gmail.com - re:Store - iPhone 15 - 799 - 15
20-Jan-24 10:21:18 - Не создан - iPhone SE - Смартфоны - re:Store - +12345678910 - Suite 445 9788 Devin Ford, Port Josef, OK 08552 - email@gmail.com - re:Store - iPhone SE - 429 - 20
20-Jan-24 10:21:18 - Создан - iPhone 15 Pro Max - Смартфоны - re:Store - +12345678910 - Suite 445 9788 Devin Ford, Port Josef, OK 08552 - email@gmail.com - re:Store - iPhone 15 Pro Max - 1199 - 1
20-Jan-24 10:21:18 - Создан - iPhone 15 Pro - Смартфоны - re:Store - +12345678910 - Suite 445 9788 Devin Ford, Port Josef, OK 08552 - email@gmail.com - re:Store - iPhone 15 Pro - 999 - 5
20-Jan-24 10:21:18 - Создан - iPhone 15 Plus - Смартфоны - re:Store - +12345678910 - Suite 445 9788 Devin Ford, Port Josef, OK 08552 - email@gmail.com - re:Store - iPhone 15 Plus - 899 - 10
20-Jan-24 10:21:18 - Создан - iPhone 15 - Смартфоны - re:Store - +12345678910 - Suite 445 9788 Devin Ford, Port Josef, OK 08552 - email@gmail.com - re:Store - iPhone 15 - 799 - 15
20-Jan-24 10:21:18 - Создан - iPhone SE - Смартфоны - re:Store - +12345678910 - Suite 445 9788 Devin Ford, Port Josef, OK 08552 - email@gmail.com - re:Store - iPhone SE - 429 - 20
20-Jan-24 10:27:32 - Не создан - None - Смартфоны - re:Store - +12345678910 - Suite 445 9788 Devin Ford, Port Josef, OK 08552 - email@gmail.com - re:Store - iPhone 15 Pro Max - 1199 - 1
20-Jan-24 10:27:32 - Не создан - iPhone 15 Pro - Смартфоны - re:Store - +12345678910 - Suite 445 9788 Devin Ford, Port Josef, OK 08552 - email@gmail.com - re:Store - iPhone 15 Pro - 999 - 5
20-Jan-24 10:27:32 - Не создан - iPhone 15 Plus - Смартфоны - re:Store - +12345678910 - Suite 445 9788 Devin Ford, Port Josef, OK 08552 - email@gmail.com - re:Store - iPhone 15 Plus - 899 - 10
20-Jan-24 10:27:32 - Не создан - iPhone 15 - Смартфоны - re:Store - +12345678910 - Suite 445 9788 Devin Ford, Port Josef, OK 08552 - email@gmail.com - re:Store - iPhone 15 - 799 - 15
20-Jan-24 10:27:32 - Не создан - iPhone SE - Смартфоны - re:Store - +12345678910 - Suite 445 9788 Devin Ford, Port Josef, OK 08552 - email@gmail.com - re:Store - iPhone SE - 429 - 20
20-Jan-24 10:27:32 - Создан - iPhone 15 Pro Max - Смартфоны - re:Store - +12345678910 - Suite 445 9788 Devin Ford, Port Josef, OK 08552 - email@gmail.com - re:Store - iPhone 15 Pro Max - 1199 - 1
20-Jan-24 10:27:32 - Создан - iPhone 15 Pro - Смартфоны - re:Store - +12345678910 - Suite 445 9788 Devin Ford, Port Josef, OK 08552 - email@gmail.com - re:Store - iPhone 15 Pro - 999 - 5
20-Jan-24 10:27:32 - Создан - iPhone 15 Plus - Смартфоны - re:Store - +12345678910 - Suite 445 9788 Devin Ford, Port Josef, OK 08552 - email@gmail.com - re:Store - iPhone 15 Plus - 899 - 10
20-Jan-24 10:27:32 - Создан - iPhone 15 - Смартфоны - re:Store - +12345678910 - Suite 445 9788 Devin Ford, Port Josef, OK 08552 - email@gmail.com - re:Store - iPhone 15 - 799 - 15
20-Jan-24 10:27:32 - Создан - iPhone SE - Смартфоны - re:Store - +12345678910 - Suite 445 9788 Devin Ford, Port Josef, OK 08552 - email@gmail.com - re:Store - iPhone SE - 429 - 20
20-Jan-24 10:27:32 - Не создан - None - Смартфоны - re:Store - +12345678910 - Suite 445 9788 Devin Ford, Port Josef, OK 08552 - email@gmail.com - re:Store - iPhone 15 Pro Max - 1199 - 1
20-Jan-24 10:27:32 - Не создан - iPhone 15 Pro - Смартфоны - re:Store - +12345678910 - Suite 445 9788 Devin Ford, Port Josef, OK 08552 - email@gmail.com - re:Store - iPhone 15 Pro - 999 - 5
20-Jan-24 10:27:32 - Не создан - iPhone 15 Plus - Смартфоны - re:Store - +12345678910 - Suite 445 9788 Devin Ford, Port Josef, OK 08552 - email@gmail.com - re:Store - iPhone 15 Plus - 899 - 10
20-Jan-24 10:27:32 - Не создан - iPhone 15 - Смартфоны - re:Store - +12345678910 - Suite 445 9788 Devin Ford, Port Josef, OK 08552 - email@gmail.com - re:Store - iPhone 15 - 799 - 15
20-Jan-24 10:27:32 - Не создан - iPhone SE - Смартфоны - re:Store - +12345678910 - Suite 445 9788 Devin Ford, Port Josef, OK 08552 - email@gmail.com - re:Store - iPhone SE - 429 - 20
20-Jan-24 10:27:32 - Создан - iPhone 15 Pro Max - Смартфоны - re:Store - +12345678910 - Suite 445 9788 Devin Ford, Port Josef, OK 08552 - email@gmail.com - re:Store - iPhone 15 Pro Max - 1199 - 1
20-Jan-24 10:27:32 - Создан - iPhone 15 Pro - Смартфоны - re:Store - +12345678910 - Suite 445 9788 Devin Ford, Port Josef, OK 08552 - email@gmail.com - re:Store - iPhone 15 Pro - 999 - 5
20-Jan-24 10:27:32 - Создан - iPhone 15 Plus - Смартфоны - re:Store - +12345678910 - Suite 445 9788 Devin Ford, Port Josef, OK 08552 - email@gmail.com - re:Store - iPhone 15 Plus - 899 - 10
20-Jan-24 10:27:32 - Создан - iPhone 15 - Смартфоны - re:Store - +12345678910 - Suite 445 9788 Devin Ford, Port Josef, OK 08552 - email@gmail.com - re:Store - iPhone 15 - 799 - 15
20-Jan-24 10:27:32 - Создан - iPhone SE - Смартфоны - re:Store - +12345678910 - Suite 445 9788 Devin Ford, Port Josef, OK 08552 - email@gmail.com - re:Store - iPhone SE - 429 - 20
20-Jan-24 10:28:06 - Не создан - None - Смартфоны - re:Store - +12345678910 - Suite 445 9788 Devin Ford, Port Josef, OK 08552 - email@gmail.com - re:Store - iPhone 15 Pro Max - 1199 - 1
20-Jan-24 10:28:06 - Не создан - iPhone 15 Pro - Смартфоны - re:Store - +12345678910 - Suite 445 9788 Devin Ford, Port Josef, OK 08552 - email@gmail.com - re:Store - iPhone 15 Pro - 999 - 5
20-Jan-24 10:28:06 - Не создан - iPhone 15 Plus - Смартфоны - re:Store - +12345678910 - Suite 445 9788 Devin Ford, Port Josef, OK 08552 - email@gmail.com - re:Store - iPhone 15 Plus - 899 - 10
20-Jan-24 10:28:06 - Не создан - iPhone 15 - Смартфоны - re:Store - +12345678910 - Suite 445 9788 Devin Ford, Port Josef, OK 08552 - email@gmail.com - re:Store - iPhone 15 - 799 - 15
20-Jan-24 10:28:06 - Не создан - iPhone SE - Смартфоны - re:Store - +12345678910 - Suite 445 9788 Devin Ford, Port Josef, OK 08552 - email@gmail.com - re:Store - iPhone SE - 429 - 20
20-Jan-24 10:28:06 - Создан - iPhone 15 Pro Max - Смартфоны - re:Store - +12345678910 - Suite 445 9788 Devin Ford, Port Josef, OK 08552 - email@gmail.com - re:Store - iPhone 15 Pro Max - 1199 - 1
20-Jan-24 10:28:06 - Создан - iPhone 15 Pro - Смартфоны - re:Store - +12345678910 - Suite 445 9788 Devin Ford, Port Josef, OK 08552 - email@gmail.com - re:Store - iPhone 15 Pro - 999 - 5
20-Jan-24 10:28:06 - Создан - iPhone 15 Plus - Смартфоны - re:Store - +12345678910 - Suite 445 9788 Devin Ford, Port Josef, OK 08552 - email@gmail.com - re:Store - iPhone 15 Plus - 899 - 10
20-Jan-24 10:28:06 - Создан - iPhone 15 - Смартфоны - re:Store - +12345678910 - Suite 445 9788 Devin Ford, Port Josef, OK 08552 - email@gmail.com - re:Store - iPhone 15 - 799 - 15
20-Jan-24 10:28:06 - Создан - iPhone SE - Смартфоны - re:Store - +12345678910 - Suite 445 9788 Devin Ford, Port Josef, OK 08552 - email@gmail.com - re:Store - iPhone SE - 429 - 20
20-Jan-24 10:28:06 - Не создан - None - Смартфоны - re:Store - +12345678910 - Suite 445 9788 Devin Ford, Port Josef, OK 08552 - email@gmail.com - re:Store - iPhone 15 Pro Max - 1199 - 1
20-Jan-24 10:28:06 - Не создан - iPhone 15 Pro - Смартфоны - re:Store - +12345678910 - Suite 445 9788 Devin Ford, Port Josef, OK 08552 - email@gmail.com - re:Store - iPhone 15 Pro - 999 - 5
20-Jan-24 10:28:06 - Не создан - iPhone 15 Plus - Смартфоны - re:Store - +12345678910 - Suite 445 9788 Devin Ford, Port Josef, OK 08552 - email@gmail.com - re:Store - iPhone 15 Plus - 899 - 10
20-Jan-24 10:28:06 - Не создан - iPhone 15 - Смартфоны - re:Store - +12345678910 - Suite 445 9788 Devin Ford, Port Josef, OK 08552 - email@gmail.com - re:Store - iPhone 15 - 799 - 15
20-Jan-24 10:28:06 - Не создан - iPhone SE - Смартфоны - re:Store - +12345678910 - Suite 445 9788 Devin Ford, Port Josef, OK 08552 - email@gmail.com - re:Store - iPhone SE - 429 - 20
20-Jan-24 10:28:06 - Создан - iPhone 15 Pro Max - Смартфоны - re:Store - +12345678910 - Suite 445 9788 Devin Ford, Port Josef, OK 08552 - email@gmail.com - re:Store - iPhone 15 Pro Max - 1199 - 1
20-Jan-24 10:28:06 - Создан - iPhone 15 Pro - Смартфоны - re:Store - +12345678910 - Suite 445 9788 Devin Ford, Port Josef, OK 08552 - email@gmail.com - re:Store - iPhone 15 Pro - 999 - 5
20-Jan-24 10:28:06 - Создан - iPhone 15 Plus - Смартфоны - re:Store - +12345678910 - Suite 445 9788 Devin Ford, Port Josef, OK 08552 - email@gmail.com - re:Store - iPhone 15 Plus - 899 - 10
20-Jan-24 10:28:06 - Создан - iPhone 15 - Смартфоны - re:Store - +12345678910 - Suite 445 9788 Devin Ford, Port Josef, OK 08552 - email@gmail.com - re:Store - iPhone 15 - 799 - 15
20-Jan-24 10:28:06 - Создан - iPhone SE - Смартфоны - re:Store - +12345678910 - Suite 445 9788 Devin Ford, Port Josef, OK 08552 - email@gmail.com - re:Store - iPhone SE - 429 - 20
20-Jan-24 10:28:24 - Не создан - None - Смартфоны - re:Store - +12345678910 - Suite 445 9788 Devin Ford, Port Josef, OK 08552 - email@gmail.com - re:Store - iPhone 15 Pro Max - 1199 - 1
20-Jan-24 10:28:24 - Не создан - iPhone 15 Pro - Смартфоны - re:Store - +12345678910 - Suite 445 9788 Devin Ford, Port Josef, OK 08552 - email@gmail.com - re:Store - iPhone 15 Pro - 999 - 5
20-Jan-24 10:28:24 - Не создан - iPhone 15 Plus - Смартфоны - re:Store - +12345678910 - Suite 445 9788 Devin Ford, Port Josef, OK 08552 - email@gmail.com - re:Store - iPhone 15 Plus - 899 - 10
20-Jan-24 10:28:24 - Не создан - iPhone 15 - Смартфоны - re:Store - +12345678910 - Suite 445 9788 Devin Ford, Port Josef, OK 08552 - email@gmail.com - re:Store - iPhone 15 - 799 - 15
20-Jan-24 10:28:24 - Не создан - iPhone SE - Смартфоны - re:Store - +12345678910 - Suite 445 9788 Devin Ford, Port Josef, OK 08552 - email@gmail.com - re:Store - iPhone SE - 429 - 20
20-Jan-24 10:28:24 - Создан - iPhone 15 Pro Max - Смартфоны - re:Store - +12345678910 - Suite 445 9788 Devin Ford, Port Josef, OK 08552 - email@gmail.com - re:Store - iPhone 15 Pro Max - 1199 - 1
20-Jan-24 10:28:24 - Создан - iPhone 15 Pro - Смартфоны - re:Store - +12345678910 - Suite 445 9788 Devin Ford, Port Josef, OK 08552 - email@gmail.com - re:Store - iPhone 15 Pro - 999 - 5
20-Jan-24 10:28:24 - Создан - iPhone 15 Plus - Смартфоны - re:Store - +12345678910 - Suite 445 9788 Devin Ford, Port Josef, OK 08552 - email@gmail.com - re:Store - iPhone 15 Plus - 899 - 10
20-Jan-24 10:28:24 - Создан - iPhone 15 - Смартфоны - re:Store - +12345678910 - Suite 445 9788 Devin Ford, Port Josef, OK 08552 - email@gmail.com - re:Store - iPhone 15 - 799 - 15
20-Jan-24 10:28:24 - Создан - iPhone SE - Смартфоны - re:Store - +12345678910 - Suite 445 9788 Devin Ford, Port Josef, OK 08552 - email@gmail.com - re:Store - iPhone SE - 429 - 20
20-Jan-24 10:28:24 - Не создан - None - Смартфоны - re:Store - +12345678910 - Suite 445 9788 Devin Ford, Port Josef, OK 08552 - email@gmail.com - re:Store - iPhone 15 Pro Max - 1199 - 1
20-Jan-24 10:28:24 - Не создан - iPhone 15 Pro - Смартфоны - re:Store - +12345678910 - Suite 445 9788 Devin Ford, Port Josef, OK 08552 - email@gmail.com - re:Store - iPhone 15 Pro - 999 - 5
20-Jan-24 10:28:24 - Не создан - iPhone 15 Plus - Смартфоны - re:Store - +12345678910 - Suite 445 9788 Devin Ford, Port Josef, OK 08552 - email@gmail.com - re:Store - iPhone 15 Plus - 899 - 10
20-Jan-24 10:28:24 - Не создан - iPhone 15 - Смартфоны - re:Store - +12345678910 - Suite 445 9788 Devin Ford, Port Josef, OK 08552 - email@gmail.com - re:Store - iPhone 15 - 799 - 15
20-Jan-24 10:28:24 - Не создан - iPhone SE - Смартфоны - re:Store - +12345678910 - Suite 445 9788 Devin Ford, Port Josef, OK 08552 - email@gmail.com - re:Store - iPhone SE - 429 - 20
20-Jan-24 10:28:24 - Создан - iPhone 15 Pro Max - Смартфоны - re:Store - +12345678910 - Suite 445 9788 Devin Ford, Port Josef, OK 08552 - email@gmail.com - re:Store - iPhone 15 Pro Max - 1199 - 1
20-Jan-24 10:28:24 - Создан - iPhone 15 Pro - Смартфоны - re:Store - +12345678910 - Suite 445 9788 Devin Ford, Port Josef, OK 08552 - email@gmail.com - re:Store - iPhone 15 Pro - 999 - 5
20-Jan-24 10:28:24 - Создан - iPhone 15 Plus - Смартфоны - re:Store - +12345678910 - Suite 445 9788 Devin Ford, Port Josef, OK 08552 - email@gmail.com - re:Store - iPhone 15 Plus - 899 - 10
20-Jan-24 10:28:24 - Создан - iPhone 15 - Смартфоны - re:Store - +12345678910 - Suite 445 9788 Devin Ford, Port Josef, OK 08552 - email@gmail.com - re:Store - iPhone 15 - 799 - 15
20-Jan-24 10:28:24 - Создан - iPhone SE - Смартфоны - re:Store - +12345678910 - Suite 445 9788 Devin Ford, Port Josef, OK 08552 - email@gmail.com - re:Store - iPhone SE - 429 - 20
20-Jan-24 10:29:57 - Не создан - None - Смартфоны - re:Store - +12345678910 - Suite 445 9788 Devin Ford, Port Josef, OK 08552 - email@gmail.com - re:Store - iPhone 15 Pro Max - 1199 - 1
20-Jan-24 10:29:57 - Не создан - iPhone 15 Pro - Смартфоны - re:Store - +12345678910 - Suite 445 9788 Devin Ford, Port Josef, OK 08552 - email@gmail.com - re:Store - iPhone 15 Pro - 999 - 5
20-Jan-24 10:29:57 - Не создан - iPhone 15 Plus - Смартфоны - re:Store - +12345678910 - Suite 445 9788 Devin Ford, Port Josef, OK 08552 - email@gmail.com - re:Store - iPhone 15 Plus - 899 - 10
20-Jan-24 10:29:57 - Не создан - iPhone 15 - Смартфоны - re:Store - +12345678910 - Suite 445 9788 Devin Ford, Port Josef, OK 08552 - email@gmail.com - re:Store - iPhone 15 - 799 - 15
20-Jan-24 10:29:57 - Не создан - iPhone SE - Смартфоны - re:Store - +12345678910 - Suite 445 9788 Devin Ford, Port Josef, OK 08552 - email@gmail.com - re:Store - iPhone SE - 429 - 20
20-Jan-24 10:29:57 - Создан - iPhone 15 Pro Max - Смартфоны - re:Store - +12345678910 - Suite 445 9788 Devin Ford, Port Josef, OK 08552 - email@gmail.com - re:Store - iPhone 15 Pro Max - 1199 - 1
20-Jan-24 10:29:57 - Создан - iPhone 15 Pro - Смартфоны - re:Store - +12345678910 - Suite 445 9788 Devin Ford, Port Josef, OK 08552 - email@gmail.com - re:Store - iPhone 15 Pro - 999 - 5
20-Jan-24 10:29:57 - Создан - iPhone 15 Plus - Смартфоны - re:Store - +12345678910 - Suite 445 9788 Devin Ford, Port Josef, OK 08552 - email@gmail.com - re:Store - iPhone 15 Plus - 899 - 10
20-Jan-24 10:29:57 - Создан - iPhone 15 - Смартфоны - re:Store - +12345678910 - Suite 445 9788 Devin Ford, Port Josef, OK 08552 - email@gmail.com - re:Store - iPhone 15 - 799 - 15
20-Jan-24 10:29:57 - Создан - iPhone SE - Смартфоны - re:Store - +12345678910 - Suite 445 9788 Devin Ford, Port Josef, OK 08552 - email@gmail.com - re:Store - iPhone SE - 429 - 20
20-Jan-24 10:29:57 - Не создан - None - Смартфоны - re:Store - +12345678910 - Suite 445 9788 Devin Ford, Port Josef, OK 08552 - email@gmail.com - re:Store - iPhone 15 Pro Max - 1199 - 1
20-Jan-24 10:29:57 - Не создан - iPhone 15 Pro - Смартфоны - re:Store - +12345678910 - Suite 445 9788 Devin Ford, Port Josef, OK 08552 - email@gmail.com - re:Store - iPhone 15 Pro - 999 - 5
20-Jan-24 10:29:57 - Не создан - iPhone 15 Plus - Смартфоны - re:Store - +12345678910 - Suite 445 9788 Devin Ford, Port Josef, OK 08552 - email@gmail.com - re:Store - iPhone 15 Plus - 899 - 10
20-Jan-24 10:29:57 - Не создан - iPhone 15 - Смартфоны - re:Store - +12345678910 - Suite 445 9788 Devin Ford, Port Josef, OK 08552 - email@gmail.com - re:Store - iPhone 15 - 799 - 15
20-Jan-24 10:29:57 - Не создан - iPhone SE - Смартфоны - re:Store - +12345678910 - Suite 445 9788 Devin Ford, Port Josef, OK 08552 - email@gmail.com - re:Store - iPhone SE - 429 - 20
20-Jan-24 10:29:57 - Создан - iPhone 15 Pro Max - Смартфоны - re:Store - +12345678910 - Suite 445 9788 Devin Ford, Port Josef, OK 08552 - email@gmail.com - re:Store - iPhone 15 Pro Max - 1199 - 1
20-Jan-24 10:29:57 - Создан - iPhone 15 Pro - Смартфоны - re:Store - +12345678910 - Suite 445 9788 Devin Ford, Port Josef, OK 08552 - email@gmail.com - re:Store - iPhone 15 Pro - 999 - 5
20-Jan-24 10:29:57 - Создан - iPhone 15 Plus - Смартфоны - re:Store - +12345678910 - Suite 445 9788 Devin Ford, Port Josef, OK 08552 - email@gmail.com - re:Store - iPhone 15 Plus - 899 - 10
20-Jan-24 10:29:57 - Создан - iPhone 15 - Смартфоны - re:Store - +12345678910 - Suite 445 9788 Devin Ford, Port Josef, OK 08552 - email@gmail.com - re:Store - iPhone 15 - 799 - 15
20-Jan-24 10:29:57 - Создан - iPhone SE - Смартфоны - re:Store - +12345678910 - Suite 445 9788 Devin Ford, Port Josef, OK 08552 - email@gmail.com - re:Store - iPhone SE - 429 - 20
20-Jan-24 10:30:12 - Не создан - None - Смартфоны - re:Store - +12345678910 - Suite 445 9788 Devin Ford, Port Josef, OK 08552 - email@gmail.com - re:Store - iPhone 15 Pro Max - 1199 - 1
20-Jan-24 10:30:12 - Не создан - iPhone 15 Pro - Смартфоны - re:Store - +12345678910 - Suite 445 9788 Devin Ford, Port Josef, OK 08552 - email@gmail.com - re:Store - iPhone 15 Pro - 999 - 5
20-Jan-24 10:30:12 - Не создан - iPhone 15 Plus - Смартфоны - re:Store - +12345678910 - Suite 445 9788 Devin Ford, Port Josef, OK 08552 - email@gmail.com - re:Store - iPhone 15 Plus - 899 - 10
20-Jan-24 10:30:12 - Не создан - iPhone 15 - Смартфоны - re:Store - +12345678910 - Suite 445 9788 Devin Ford, Port Josef, OK 08552 - email@gmail.com - re:Store - iPhone 15 - 799 - 15
20-Jan-24 10:30:12 - Не создан - iPhone SE - Смартфоны - re:Store - +12345678910 - Suite 445 9788 Devin Ford, Port Josef, OK 08552 - email@gmail.com - re:Store - iPhone SE - 429 - 20
20-Jan-24 10:30:12 - Создан - iPhone 15 Pro Max - Смартфоны - re:Store - +12345678910 - Suite 445 9788 Devin Ford, Port Josef, OK 08552 - email@gmail.com - re:Store - iPhone 15 Pro Max - 1199 - 1
20-Jan-24 10:30:12 - Создан - iPhone 15 Pro - Смартфоны - re:Store - +12345678910 - Suite 445 9788 Devin Ford, Port Josef, OK 08552 - email@gmail.com - re:Store - iPhone 15 Pro - 999 - 5
20-Jan-24 10:30:12 - Создан - iPhone 15 Plus - Смартфоны - re:Store - +12345678910 - Suite 445 9788 Devin Ford, Port Josef, OK 08552 - email@gmail.com - re:Store - iPhone 15 Plus - 899 - 10
20-Jan-24 10:30:12 - Создан - iPhone 15 - Смартфоны - re:Store - +12345678910 - Suite 445 9788 Devin Ford, Port Josef, OK 08552 - email@gmail.com - re:Store - iPhone 15 - 799 - 15
20-Jan-24 10:30:12 - Создан - iPhone SE - Смартфоны - re:Store - +12345678910 - Suite 445 9788 Devin Ford, Port Josef, OK 08552 - email@gmail.com - re:Store - iPhone SE - 429 - 20
20-Jan-24 10:30:12 - Не создан - None - Смартфоны - re:Store - +12345678910 - Suite 445 9788 Devin Ford, Port Josef, OK 08552 - email@gmail.com - re:Store - iPhone 15 Pro Max - 1199 - 1
20-Jan-24 10:30:12 - Не создан - iPhone 15 Pro - Смартфоны - re:Store - +12345678910 - Suite 445 9788 Devin Ford, Port Josef, OK 08552 - email@gmail.com - re:Store - iPhone 15 Pro - 999 - 5
20-Jan-24 10:30:12 - Не создан - iPhone 15 Plus - Смартфоны - re:Store - +12345678910 - Suite 445 9788 Devin Ford, Port Josef, OK 08552 - email@gmail.com - re:Store - iPhone 15 Plus - 899 - 10
20-Jan-24 10:30:12 - Не создан - iPhone 15 - Смартфоны - re:Store - +12345678910 - Suite 445 9788 Devin Ford, Port Josef, OK 08552 - email@gmail.com - re:Store - iPhone 15 - 799 - 15
20-Jan-24 10:30:12 - Не создан - iPhone SE - Смартфоны - re:Store - +12345678910 - Suite 445 9788 Devin Ford, Port Josef, OK 08552 - email@gmail.com - re:Store - iPhone SE - 429 - 20
20-Jan-24 10:30:12 - Создан - iPhone 15 Pro Max - Смартфоны - re:Store - +12345678910 - Suite 445 9788 Devin Ford, Port Josef, OK 08552 - email@gmail.com - re:Store - iPhone 15 Pro Max - 1199 - 1
20-Jan-24 10:30:12 - Создан - iPhone 15 Pro - Смартфоны - re:Store - +12345678910 - Suite 445 9788 Devin Ford, Port Josef, OK 08552 - email@gmail.com - re:Store - iPhone 15 Pro - 999 - 5
20-Jan-24 10:30:12 - Создан - iPhone 15 Plus - Смартфоны - re:Store - +12345678910 - Suite 445 9788 Devin Ford, Port Josef, OK 08552 - email@gmail.com - re:Store - iPhone 15 Plus - 899 - 10
20-Jan-24 10:30:12 - Создан - iPhone 15 - Смартфоны - re:Store - +12345678910 - Suite 445 9788 Devin Ford, Port Josef, OK 08552 - email@gmail.com - re:Store - iPhone 15 - 799 - 15
20-Jan-24 10:30:12 - Создан - iPhone SE - Смартфоны - re:Store - +12345678910 - Suite 445 9788 Devin Ford, Port Josef, OK 08552 - email@gmail.com - re:Store - iPhone SE - 429 - 20
20-Jan-24 10:30:33 - Не создан - None - Смартфоны - re:Store - +12345678910 - Suite 445 9788 Devin Ford, Port Josef, OK 08552 - email@gmail.com - re:Store - iPhone 15 Pro Max - 1199 - 1
20-Jan-24 10:30:33 - Не создан - iPhone 15 Pro - Смартфоны - re:Store - +12345678910 - Suite 445 9788 Devin Ford, Port Josef, OK 08552 - email@gmail.com - re:Store - iPhone 15 Pro - 999 - 5
20-Jan-24 10:30:33 - Не создан - iPhone 15 Plus - Смартфоны - re:Store - +12345678910 - Suite 445 9788 Devin Ford, Port Josef, OK 08552 - email@gmail.com - re:Store - iPhone 15 Plus - 899 - 10
20-Jan-24 10:30:33 - Не создан - iPhone 15 - Смартфоны - re:Store - +12345678910 - Suite 445 9788 Devin Ford, Port Josef, OK 08552 - email@gmail.com - re:Store - iPhone 15 - 799 - 15
20-Jan-24 10:30:33 - Не создан - iPhone SE - Смартфоны - re:Store - +12345678910 - Suite 445 9788 Devin Ford, Port Josef, OK 08552 - email@gmail.com - re:Store - iPhone SE - 429 - 20
20-Jan-24 10:30:33 - Создан - iPhone 15 Pro Max - Смартфоны - re:Store - +12345678910 - Suite 445 9788 Devin Ford, Port Josef, OK 08552 - email@gmail.com - re:Store - iPhone 15 Pro Max - 1199 - 1
20-Jan-24 10:30:33 - Создан - iPhone 15 Pro - Смартфоны - re:Store - +12345678910 - Suite 445 9788 Devin Ford, Port Josef, OK 08552 - email@gmail.com - re:Store - iPhone 15 Pro - 999 - 5
20-Jan-24 10:30:33 - Создан - iPhone 15 Plus - Смартфоны - re:Store - +12345678910 - Suite 445 9788 Devin Ford, Port Josef, OK 08552 - email@gmail.com - re:Store - iPhone 15 Plus - 899 - 10
20-Jan-24 10:30:33 - Создан - iPhone 15 - Смартфоны - re:Store - +12345678910 - Suite 445 9788 Devin Ford, Port Josef, OK 08552 - email@gmail.com - re:Store - iPhone 15 - 799 - 15
20-Jan-24 10:30:33 - Создан - iPhone SE - Смартфоны - re:Store - +12345678910 - Suite 445 9788 Devin Ford, Port Josef, OK 08552 - email@gmail.com - re:Store - iPhone SE - 429 - 20
20-Jan-24 10:30:33 - Не создан - None - Смартфоны - re:Store - +12345678910 - Suite 445 9788 Devin Ford, Port Josef, OK 08552 - email@gmail.com - re:Store - iPhone 15 Pro Max - 1199 - 1
20-Jan-24 10:30:33 - Не создан - iPhone 15 Pro - Смартфоны - re:Store - +12345678910 - Suite 445 9788 Devin Ford, Port Josef, OK 08552 - email@gmail.com - re:Store - iPhone 15 Pro - 999 - 5
20-Jan-24 10:30:33 - Не создан - iPhone 15 Plus - Смартфоны - re:Store - +12345678910 - Suite 445 9788 Devin Ford, Port Josef, OK 08552 - email@gmail.com - re:Store - iPhone 15 Plus - 899 - 10
20-Jan-24 10:30:33 - Не создан - iPhone 15 - Смартфоны - re:Store - +12345678910 - Suite 445 9788 Devin Ford, Port Josef, OK 08552 - email@gmail.com - re:Store - iPhone 15 - 799 - 15
20-Jan-24 10:30:33 - Не создан - iPhone SE - Смартфоны - re:Store - +12345678910 - Suite 445 9788 Devin Ford, Port Josef, OK 08552 - email@gmail.com - re:Store - iPhone SE - 429 - 20
20-Jan-24 10:30:33 - Создан - iPhone 15 Pro Max - Смартфоны - re:Store - +12345678910 - Suite 445 9788 Devin Ford, Port Josef, OK 08552 - email@gmail.com - re:Store - iPhone 15 Pro Max - 1199 - 1
20-Jan-24 10:30:33 - Создан - iPhone 15 Pro - Смартфоны - re:Store - +12345678910 - Suite 445 9788 Devin Ford, Port Josef, OK 08552 - email@gmail.com - re:Store - iPhone 15 Pro - 999 - 5
20-Jan-24 10:30:33 - Создан - iPhone 15 Plus - Смартфоны - re:Store - +12345678910 - Suite 445 9788 Devin Ford, Port Josef, OK 08552 - email@gmail.com - re:Store - iPhone 15 Plus - 899 - 10
20-Jan-24 10:30:33 - Создан - iPhone 15 - Смартфоны - re:Store - +12345678910 - Suite 445 9788 Devin Ford, Port Josef, OK 08552 - email@gmail.com - re:Store - iPhone 15 - 799 - 15
20-Jan-24 10:30:33 - Создан - iPhone SE - Смартфоны - re:Store - +12345678910 - Suite 445 9788 Devin Ford, Port Josef, OK 08552 - email@gmail.com - re:Store - iPhone SE - 429 - 20
20-Jan-24 10:35:55 - Не создан - None - Смартфоны - re:Store - +12345678910 - Suite 445 9788 Devin Ford, Port Josef, OK 08552 - email@gmail.com - re:Store - iPhone 15 Pro Max - 1199 - 1
20-Jan-24 10:35:55 - Не создан - iPhone 15 Pro - Смартфоны - re:Store - +12345678910 - Suite 445 9788 Devin Ford, Port Josef, OK 08552 - email@gmail.com - re:Store - iPhone 15 Pro - 999 - 5
20-Jan-24 10:35:55 - Не создан - iPhone 15 Plus - Смартфоны - re:Store - +12345678910 - Suite 445 9788 Devin Ford, Port Josef, OK 08552 - email@gmail.com - re:Store - iPhone 15 Plus - 899 - 10
20-Jan-24 10:35:55 - Не создан - iPhone 15 - Смартфоны - re:Store - +12345678910 - Suite 445 9788 Devin Ford, Port Josef, OK 08552 - email@gmail.com - re:Store - iPhone 15 - 799 - 15
20-Jan-24 10:35:55 - Не создан - iPhone SE - Смартфоны - re:Store - +12345678910 - Suite 445 9788 Devin Ford, Port Josef, OK 08552 - email@gmail.com - re:Store - iPhone SE - 429 - 20
20-Jan-24 10:35:56 - Создан - iPhone 15 Pro Max - Смартфоны - re:Store - +12345678910 - Suite 445 9788 Devin Ford, Port Josef, OK 08552 - email@gmail.com - re:Store - iPhone 15 Pro Max - 1199 - 1
20-Jan-24 10:35:56 - Создан - iPhone 15 Pro - Смартфоны - re:Store - +12345678910 - Suite 445 9788 Devin Ford, Port Josef, OK 08552 - email@gmail.com - re:Store - iPhone 15 Pro - 999 - 5
20-Jan-24 10:35:56 - Создан - iPhone 15 Plus - Смартфоны - re:Store - +12345678910 - Suite 445 9788 Devin Ford, Port Josef, OK 08552 - email@gmail.com - re:Store - iPhone 15 Plus - 899 - 10
20-Jan-24 10:35:56 - Создан - iPhone 15 - Смартфоны - re:Store - +12345678910 - Suite 445 9788 Devin Ford, Port Josef, OK 08552 - email@gmail.com - re:Store - iPhone 15 - 799 - 15
20-Jan-24 10:35:56 - Создан - iPhone SE - Смартфоны - re:Store - +12345678910 - Suite 445 9788 Devin Ford, Port Josef, OK 08552 - email@gmail.com - re:Store - iPhone SE - 429 - 20
20-Jan-24 10:35:56 - Не создан - None - Смартфоны - re:Store - +12345678910 - Suite 445 9788 Devin Ford, Port Josef, OK 08552 - email@gmail.com - re:Store - iPhone 15 Pro Max - 1199 - 1
20-Jan-24 10:35:56 - Не создан - iPhone 15 Pro - Смартфоны - re:Store - +12345678910 - Suite 445 9788 Devin Ford, Port Josef, OK 08552 - email@gmail.com - re:Store - iPhone 15 Pro - 999 - 5
20-Jan-24 10:35:56 - Не создан - iPhone 15 Plus - Смартфоны - re:Store - +12345678910 - Suite 445 9788 Devin Ford, Port Josef, OK 08552 - email@gmail.com - re:Store - iPhone 15 Plus - 899 - 10
20-Jan-24 10:35:56 - Не создан - iPhone 15 - Смартфоны - re:Store - +12345678910 - Suite 445 9788 Devin Ford, Port Josef, OK 08552 - email@gmail.com - re:Store - iPhone 15 - 799 - 15
20-Jan-24 10:35:56 - Не создан - iPhone SE - Смартфоны - re:Store - +12345678910 - Suite 445 9788 Devin Ford, Port Josef, OK 08552 - email@gmail.com - re:Store - iPhone SE - 429 - 20
20-Jan-24 10:35:56 - Создан - iPhone 15 Pro Max - Смартфоны - re:Store - +12345678910 - Suite 445 9788 Devin Ford, Port Josef, OK 08552 - email@gmail.com - re:Store - iPhone 15 Pro Max - 1199 - 1
20-Jan-24 10:35:56 - Создан - iPhone 15 Pro - Смартфоны - re:Store - +12345678910 - Suite 445 9788 Devin Ford, Port Josef, OK 08552 - email@gmail.com - re:Store - iPhone 15 Pro - 999 - 5
20-Jan-24 10:35:56 - Создан - iPhone 15 Plus - Смартфоны - re:Store - +12345678910 - Suite 445 9788 Devin Ford, Port Josef, OK 08552 - email@gmail.com - re:Store - iPhone 15 Plus - 899 - 10
20-Jan-24 10:35:56 - Создан - iPhone 15 - Смартфоны - re:Store - +12345678910 - Suite 445 9788 Devin Ford, Port Josef, OK 08552 - email@gmail.com - re:Store - iPhone 15 - 799 - 15
20-Jan-24 10:35:56 - Создан - iPhone SE - Смартфоны - re:Store - +12345678910 - Suite 445 9788 Devin Ford, Port Josef, OK 08552 - email@gmail.com - re:Store - iPhone SE - 429 - 20
20-Jan-24 10:40:58 - Не создан - None - Смартфоны - re:Store - +12345678910 - Suite 445 9788 Devin Ford, Port Josef, OK 08552 - email@gmail.com - re:Store - iPhone 15 Pro Max - 1199 - 1
20-Jan-24 10:40:58 - Не создан - iPhone 15 Pro - Смартфоны - re:Store - +12345678910 - Suite 445 9788 Devin Ford, Port Josef, OK 08552 - email@gmail.com - re:Store - iPhone 15 Pro - 999 - 5
20-Jan-24 10:40:58 - Не создан - iPhone 15 Plus - Смартфоны - re:Store - +12345678910 - Suite 445 9788 Devin Ford, Port Josef, OK 08552 - email@gmail.com - re:Store - iPhone 15 Plus - 899 - 10
20-Jan-24 10:40:58 - Не создан - iPhone 15 - Смартфоны - re:Store - +12345678910 - Suite 445 9788 Devin Ford, Port Josef, OK 08552 - email@gmail.com - re:Store - iPhone 15 - 799 - 15
20-Jan-24 10:40:58 - Не создан - iPhone SE - Смартфоны - re:Store - +12345678910 - Suite 445 9788 Devin Ford, Port Josef, OK 08552 - email@gmail.com - re:Store - iPhone SE - 429 - 20
20-Jan-24 10:40:58 - Создан - iPhone 15 Pro Max - Смартфоны - re:Store - +12345678910 - Suite 445 9788 Devin Ford, Port Josef, OK 08552 - email@gmail.com - re:Store - iPhone 15 Pro Max - 1199 - 1
20-Jan-24 10:40:58 - Создан - iPhone 15 Pro - Смартфоны - re:Store - +12345678910 - Suite 445 9788 Devin Ford, Port Josef, OK 08552 - email@gmail.com - re:Store - iPhone 15 Pro - 999 - 5
20-Jan-24 10:40:58 - Создан - iPhone 15 Plus - Смартфоны - re:Store - +12345678910 - Suite 445 9788 Devin Ford, Port Josef, OK 08552 - email@gmail.com - re:Store - iPhone 15 Plus - 899 - 10
20-Jan-24 10:40:58 - Создан - iPhone 15 - Смартфоны - re:Store - +12345678910 - Suite 445 9788 Devin Ford, Port Josef, OK 08552 - email@gmail.com - re:Store - iPhone 15 - 799 - 15
20-Jan-24 10:40:58 - Создан - iPhone SE - Смартфоны - re:Store - +12345678910 - Suite 445 9788 Devin Ford, Port Josef, OK 08552 - email@gmail.com - re:Store - iPhone SE - 429 - 20
20-Jan-24 10:40:58 - Не создан - None - Смартфоны - re:Store - +12345678910 - Suite 445 9788 Devin Ford, Port Josef, OK 08552 - email@gmail.com - re:Store - iPhone 15 Pro Max - 1199 - 1
20-Jan-24 10:40:58 - Не создан - iPhone 15 Pro - Смартфоны - re:Store - +12345678910 - Suite 445 9788 Devin Ford, Port Josef, OK 08552 - email@gmail.com - re:Store - iPhone 15 Pro - 999 - 5
20-Jan-24 10:40:58 - Не создан - iPhone 15 Plus - Смартфоны - re:Store - +12345678910 - Suite 445 9788 Devin Ford, Port Josef, OK 08552 - email@gmail.com - re:Store - iPhone 15 Plus - 899 - 10
20-Jan-24 10:40:58 - Не создан - iPhone 15 - Смартфоны - re:Store - +12345678910 - Suite 445 9788 Devin Ford, Port Josef, OK 08552 - email@gmail.com - re:Store - iPhone 15 - 799 - 15
20-Jan-24 10:40:58 - Не создан - iPhone SE - Смартфоны - re:Store - +12345678910 - Suite 445 9788 Devin Ford, Port Josef, OK 08552 - email@gmail.com - re:Store - iPhone SE - 429 - 20
20-Jan-24 10:40:58 - Создан - iPhone 15 Pro Max - Смартфоны - re:Store - +12345678910 - Suite 445 9788 Devin Ford, Port Josef, OK 08552 - email@gmail.com - re:Store - iPhone 15 Pro Max - 1199 - 1
20-Jan-24 10:40:58 - Создан - iPhone 15 Pro - Смартфоны - re:Store - +12345678910 - Suite 445 9788 Devin Ford, Port Josef, OK 08552 - email@gmail.com - re:Store - iPhone 15 Pro - 999 - 5
20-Jan-24 10:40:58 - Создан - iPhone 15 Plus - Смартфоны - re:Store - +12345678910 - Suite 445 9788 Devin Ford, Port Josef, OK 08552 - email@gmail.com - re:Store - iPhone 15 Plus - 899 - 10
20-Jan-24 10:40:58 - Создан - iPhone 15 - Смартфоны - re:Store - +12345678910 - Suite 445 9788 Devin Ford, Port Josef, OK 08552 - email@gmail.com - re:Store - iPhone 15 - 799 - 15
20-Jan-24 10:40:58 - Создан - iPhone SE - Смартфоны - re:Store - +12345678910 - Suite 445 9788 Devin Ford, Port Josef, OK 08552 - email@gmail.com - re:Store - iPhone SE - 429 - 20
20-Jan-24 10:41:32 - Не создан - None - Смартфоны - re:Store - +12345678910 - Suite 445 9788 Devin Ford, Port Josef, OK 08552 - email@gmail.com - re:Store - iPhone 15 Pro Max - 1199 - 1
20-Jan-24 10:41:32 - Не создан - iPhone 15 Pro - Смартфоны - re:Store - +12345678910 - Suite 445 9788 Devin Ford, Port Josef, OK 08552 - email@gmail.com - re:Store - iPhone 15 Pro - 999 - 5
20-Jan-24 10:41:32 - Не создан - iPhone 15 Plus - Смартфоны - re:Store - +12345678910 - Suite 445 9788 Devin Ford, Port Josef, OK 08552 - email@gmail.com - re:Store - iPhone 15 Plus - 899 - 10
20-Jan-24 10:41:32 - Не создан - iPhone 15 - Смартфоны - re:Store - +12345678910 - Suite 445 9788 Devin Ford, Port Josef, OK 08552 - email@gmail.com - re:Store - iPhone 15 - 799 - 15
20-Jan-24 10:41:32 - Не создан - iPhone SE - Смартфоны - re:Store - +12345678910 - Suite 445 9788 Devin Ford, Port Josef, OK 08552 - email@gmail.com - re:Store - iPhone SE - 429 - 20
20-Jan-24 10:41:32 - Создан - iPhone 15 Pro Max - Смартфоны - re:Store - +12345678910 - Suite 445 9788 Devin Ford, Port Josef, OK 08552 - email@gmail.com - re:Store - iPhone 15 Pro Max - 1199 - 1
20-Jan-24 10:41:32 - Создан - iPhone 15 Pro - Смартфоны - re:Store - +12345678910 - Suite 445 9788 Devin Ford, Port Josef, OK 08552 - email@gmail.com - re:Store - iPhone 15 Pro - 999 - 5
20-Jan-24 10:41:32 - Создан - iPhone 15 Plus - Смартфоны - re:Store - +12345678910 - Suite 445 9788 Devin Ford, Port Josef, OK 08552 - email@gmail.com - re:Store - iPhone 15 Plus - 899 - 10
20-Jan-24 10:41:32 - Создан - iPhone 15 - Смартфоны - re:Store - +12345678910 - Suite 445 9788 Devin Ford, Port Josef, OK 08552 - email@gmail.com - re:Store - iPhone 15 - 799 - 15
20-Jan-24 10:41:32 - Создан - iPhone SE - Смартфоны - re:Store - +12345678910 - Suite 445 9788 Devin Ford, Port Josef, OK 08552 - email@gmail.com - re:Store - iPhone SE - 429 - 20
20-Jan-24 10:41:32 - Не создан - None - Смартфоны - re:Store - +12345678910 - Suite 445 9788 Devin Ford, Port Josef, OK 08552 - email@gmail.com - re:Store - iPhone 15 Pro Max - 1199 - 1
20-Jan-24 10:41:32 - Не создан - iPhone 15 Pro - Смартфоны - re:Store - +12345678910 - Suite 445 9788 Devin Ford, Port Josef, OK 08552 - email@gmail.com - re:Store - iPhone 15 Pro - 999 - 5
20-Jan-24 10:41:32 - Не создан - iPhone 15 Plus - Смартфоны - re:Store - +12345678910 - Suite 445 9788 Devin Ford, Port Josef, OK 08552 - email@gmail.com - re:Store - iPhone 15 Plus - 899 - 10
20-Jan-24 10:41:32 - Не создан - iPhone 15 - Смартфоны - re:Store - +12345678910 - Suite 445 9788 Devin Ford, Port Josef, OK 08552 - email@gmail.com - re:Store - iPhone 15 - 799 - 15
20-Jan-24 10:41:32 - Не создан - iPhone SE - Смартфоны - re:Store - +12345678910 - Suite 445 9788 Devin Ford, Port Josef, OK 08552 - email@gmail.com - re:Store - iPhone SE - 429 - 20
20-Jan-24 10:41:32 - Создан - iPhone 15 Pro Max - Смартфоны - re:Store - +12345678910 - Suite 445 9788 Devin Ford, Port Josef, OK 08552 - email@gmail.com - re:Store - iPhone 15 Pro Max - 1199 - 1
20-Jan-24 10:41:32 - Создан - iPhone 15 Pro - Смартфоны - re:Store - +12345678910 - Suite 445 9788 Devin Ford, Port Josef, OK 08552 - email@gmail.com - re:Store - iPhone 15 Pro - 999 - 5
20-Jan-24 10:41:32 - Создан - iPhone 15 Plus - Смартфоны - re:Store - +12345678910 - Suite 445 9788 Devin Ford, Port Josef, OK 08552 - email@gmail.com - re:Store - iPhone 15 Plus - 899 - 10
20-Jan-24 10:41:32 - Создан - iPhone 15 - Смартфоны - re:Store - +12345678910 - Suite 445 9788 Devin Ford, Port Josef, OK 08552 - email@gmail.com - re:Store - iPhone 15 - 799 - 15
20-Jan-24 10:41:32 - Создан - iPhone SE - Смартфоны - re:Store - +12345678910 - Suite 445 9788 Devin Ford, Port Josef, OK 08552 - email@gmail.com - re:Store - iPhone SE - 429 - 20
20-Jan-24 10:41:48 - Не создан - None - Смартфоны - re:Store - +12345678910 - Suite 445 9788 Devin Ford, Port Josef, OK 08552 - email@gmail.com - re:Store - iPhone 15 Pro Max - 1199 - 1
20-Jan-24 10:41:48 - Не создан - iPhone 15 Pro - Смартфоны - re:Store - +12345678910 - Suite 445 9788 Devin Ford, Port Josef, OK 08552 - email@gmail.com - re:Store - iPhone 15 Pro - 999 - 5
20-Jan-24 10:41:48 - Не создан - iPhone 15 Plus - Смартфоны - re:Store - +12345678910 - Suite 445 9788 Devin Ford, Port Josef, OK 08552 - email@gmail.com - re:Store - iPhone 15 Plus - 899 - 10
20-Jan-24 10:41:48 - Не создан - iPhone 15 - Смартфоны - re:Store - +12345678910 - Suite 445 9788 Devin Ford, Port Josef, OK 08552 - email@gmail.com - re:Store - iPhone 15 - 799 - 15
20-Jan-24 10:41:48 - Не создан - iPhone SE - Смартфоны - re:Store - +12345678910 - Suite 445 9788 Devin Ford, Port Josef, OK 08552 - email@gmail.com - re:Store - iPhone SE - 429 - 20
20-Jan-24 10:41:48 - Создан - iPhone 15 Pro Max - Смартфоны - re:Store - +12345678910 - Suite 445 9788 Devin Ford, Port Josef, OK 08552 - email@gmail.com - re:Store - iPhone 15 Pro Max - 1199 - 1
20-Jan-24 10:41:48 - Создан - iPhone 15 Pro - Смартфоны - re:Store - +12345678910 - Suite 445 9788 Devin Ford, Port Josef, OK 08552 - email@gmail.com - re:Store - iPhone 15 Pro - 999 - 5
20-Jan-24 10:41:48 - Создан - iPhone 15 Plus - Смартфоны - re:Store - +12345678910 - Suite 445 9788 Devin Ford, Port Josef, OK 08552 - email@gmail.com - re:Store - iPhone 15 Plus - 899 - 10
20-Jan-24 10:41:48 - Создан - iPhone 15 - Смартфоны - re:Store - +12345678910 - Suite 445 9788 Devin Ford, Port Josef, OK 08552 - email@gmail.com - re:Store - iPhone 15 - 799 - 15
20-Jan-24 10:41:48 - Создан - iPhone SE - Смартфоны - re:Store - +12345678910 - Suite 445 9788 Devin Ford, Port Josef, OK 08552 - email@gmail.com - re:Store - iPhone SE - 429 - 20
20-Jan-24 10:41:48 - Не создан - None - Смартфоны - re:Store - +12345678910 - Suite 445 9788 Devin Ford, Port Josef, OK 08552 - email@gmail.com - re:Store - iPhone 15 Pro Max - 1199 - 1
20-Jan-24 10:41:48 - Не создан - iPhone 15 Pro - Смартфоны - re:Store - +12345678910 - Suite 445 9788 Devin Ford, Port Josef, OK 08552 - email@gmail.com - re:Store - iPhone 15 Pro - 999 - 5
20-Jan-24 10:41:48 - Не создан - iPhone 15 Plus - Смартфоны - re:Store - +12345678910 - Suite 445 9788 Devin Ford, Port Josef, OK 08552 - email@gmail.com - re:Store - iPhone 15 Plus - 899 - 10
20-Jan-24 10:41:48 - Не создан - iPhone 15 - Смартфоны - re:Store - +12345678910 - Suite 445 9788 Devin Ford, Port Josef, OK 08552 - email@gmail.com - re:Store - iPhone 15 - 799 - 15
20-Jan-24 10:41:48 - Не создан - iPhone SE - Смартфоны - re:Store - +12345678910 - Suite 445 9788 Devin Ford, Port Josef, OK 08552 - email@gmail.com - re:Store - iPhone SE - 429 - 20
20-Jan-24 10:41:48 - Создан - iPhone 15 Pro Max - Смартфоны - re:Store - +12345678910 - Suite 445 9788 Devin Ford, Port Josef, OK 08552 - email@gmail.com - re:Store - iPhone 15 Pro Max - 1199 - 1
20-Jan-24 10:41:48 - Создан - iPhone 15 Pro - Смартфоны - re:Store - +12345678910 - Suite 445 9788 Devin Ford, Port Josef, OK 08552 - email@gmail.com - re:Store - iPhone 15 Pro - 999 - 5
20-Jan-24 10:41:48 - Создан - iPhone 15 Plus - Смартфоны - re:Store - +12345678910 - Suite 445 9788 Devin Ford, Port Josef, OK 08552 - email@gmail.com - re:Store - iPhone 15 Plus - 899 - 10
20-Jan-24 10:41:48 - Создан - iPhone 15 - Смартфоны - re:Store - +12345678910 - Suite 445 9788 Devin Ford, Port Josef, OK 08552 - email@gmail.com - re:Store - iPhone 15 - 799 - 15
20-Jan-24 10:41:48 - Создан - iPhone SE - Смартфоны - re:Store - +12345678910 - Suite 445 9788 Devin Ford, Port Josef, OK 08552 - email@gmail.com - re:Store - iPhone SE - 429 - 20
20-Jan-24 10:42:07 - Не создан - None - Смартфоны - re:Store - +12345678910 - Suite 445 9788 Devin Ford, Port Josef, OK 08552 - email@gmail.com - re:Store - iPhone 15 Pro Max - 1199 - 1
20-Jan-24 10:42:07 - Не создан - iPhone 15 Pro - Смартфоны - re:Store - +12345678910 - Suite 445 9788 Devin Ford, Port Josef, OK 08552 - email@gmail.com - re:Store - iPhone 15 Pro - 999 - 5
20-Jan-24 10:42:07 - Не создан - iPhone 15 Plus - Смартфоны - re:Store - +12345678910 - Suite 445 9788 Devin Ford, Port Josef, OK 08552 - email@gmail.com - re:Store - iPhone 15 Plus - 899 - 10
20-Jan-24 10:42:07 - Не создан - iPhone 15 - Смартфоны - re:Store - +12345678910 - Suite 445 9788 Devin Ford, Port Josef, OK 08552 - email@gmail.com - re:Store - iPhone 15 - 799 - 15
20-Jan-24 10:42:07 - Не создан - iPhone SE - Смартфоны - re:Store - +12345678910 - Suite 445 9788 Devin Ford, Port Josef, OK 08552 - email@gmail.com - re:Store - iPhone SE - 429 - 20
20-Jan-24 10:42:07 - Создан - iPhone 15 Pro Max - Смартфоны - re:Store - +12345678910 - Suite 445 9788 Devin Ford, Port Josef, OK 08552 - email@gmail.com - re:Store - iPhone 15 Pro Max - 1199 - 1
20-Jan-24 10:42:08 - Создан - iPhone 15 Pro - Смартфоны - re:Store - +12345678910 - Suite 445 9788 Devin Ford, Port Josef, OK 08552 - email@gmail.com - re:Store - iPhone 15 Pro - 999 - 5
20-Jan-24 10:42:08 - Создан - iPhone 15 Plus - Смартфоны - re:Store - +12345678910 - Suite 445 9788 Devin Ford, Port Josef, OK 08552 - email@gmail.com - re:Store - iPhone 15 Plus - 899 - 10
20-Jan-24 10:42:08 - Создан - iPhone 15 - Смартфоны - re:Store - +12345678910 - Suite 445 9788 Devin Ford, Port Josef, OK 08552 - email@gmail.com - re:Store - iPhone 15 - 799 - 15
20-Jan-24 10:42:08 - Создан - iPhone SE - Смартфоны - re:Store - +12345678910 - Suite 445 9788 Devin Ford, Port Josef, OK 08552 - email@gmail.com - re:Store - iPhone SE - 429 - 20
20-Jan-24 10:42:08 - Не создан - None - Смартфоны - re:Store - +12345678910 - Suite 445 9788 Devin Ford, Port Josef, OK 08552 - email@gmail.com - re:Store - iPhone 15 Pro Max - 1199 - 1
20-Jan-24 10:42:08 - Не создан - iPhone 15 Pro - Смартфоны - re:Store - +12345678910 - Suite 445 9788 Devin Ford, Port Josef, OK 08552 - email@gmail.com - re:Store - iPhone 15 Pro - 999 - 5
20-Jan-24 10:42:08 - Не создан - iPhone 15 Plus - Смартфоны - re:Store - +12345678910 - Suite 445 9788 Devin Ford, Port Josef, OK 08552 - email@gmail.com - re:Store - iPhone 15 Plus - 899 - 10
20-Jan-24 10:42:08 - Не создан - iPhone 15 - Смартфоны - re:Store - +12345678910 - Suite 445 9788 Devin Ford, Port Josef, OK 08552 - email@gmail.com - re:Store - iPhone 15 - 799 - 15
20-Jan-24 10:42:08 - Не создан - iPhone SE - Смартфоны - re:Store - +12345678910 - Suite 445 9788 Devin Ford, Port Josef, OK 08552 - email@gmail.com - re:Store - iPhone SE - 429 - 20
20-Jan-24 10:42:08 - Создан - iPhone 15 Pro Max - Смартфоны - re:Store - +12345678910 - Suite 445 9788 Devin Ford, Port Josef, OK 08552 - email@gmail.com - re:Store - iPhone 15 Pro Max - 1199 - 1
20-Jan-24 10:42:08 - Создан - iPhone 15 Pro - Смартфоны - re:Store - +12345678910 - Suite 445 9788 Devin Ford, Port Josef, OK 08552 - email@gmail.com - re:Store - iPhone 15 Pro - 999 - 5
20-Jan-24 10:42:08 - Создан - iPhone 15 Plus - Смартфоны - re:Store - +12345678910 - Suite 445 9788 Devin Ford, Port Josef, OK 08552 - email@gmail.com - re:Store - iPhone 15 Plus - 899 - 10
20-Jan-24 10:42:08 - Создан - iPhone 15 - Смартфоны - re:Store - +12345678910 - Suite 445 9788 Devin Ford, Port Josef, OK 08552 - email@gmail.com - re:Store - iPhone 15 - 799 - 15
20-Jan-24 10:42:08 - Создан - iPhone SE - Смартфоны - re:Store - +12345678910 - Suite 445 9788 Devin Ford, Port Josef, OK 08552 - email@gmail.com - re:Store - iPhone SE - 429 - 20
20-Jan-24 10:44:55 - Не создан - None - Смартфоны - re:Store - +12345678910 - Suite 445 9788 Devin Ford, Port Josef, OK 08552 - email@gmail.com - re:Store - iPhone 15 Pro Max - 1199 - 1
20-Jan-24 10:44:55 - Не создан - iPhone 15 Pro - Смартфоны - re:Store - +12345678910 - Suite 445 9788 Devin Ford, Port Josef, OK 08552 - email@gmail.com - re:Store - iPhone 15 Pro - 999 - 5
20-Jan-24 10:44:55 - Не создан - iPhone 15 Plus - Смартфоны - re:Store - +12345678910 - Suite 445 9788 Devin Ford, Port Josef, OK 08552 - email@gmail.com - re:Store - iPhone 15 Plus - 899 - 10
20-Jan-24 10:44:55 - Не создан - iPhone 15 - Смартфоны - re:Store - +12345678910 - Suite 445 9788 Devin Ford, Port Josef, OK 08552 - email@gmail.com - re:Store - iPhone 15 - 799 - 15
20-Jan-24 10:44:55 - Не создан - iPhone SE - Смартфоны - re:Store - +12345678910 - Suite 445 9788 Devin Ford, Port Josef, OK 08552 - email@gmail.com - re:Store - iPhone SE - 429 - 20
20-Jan-24 10:44:56 - Создан - iPhone 15 Pro Max - Смартфоны - re:Store - +12345678910 - Suite 445 9788 Devin Ford, Port Josef, OK 08552 - email@gmail.com - re:Store - iPhone 15 Pro Max - 1199 - 1
20-Jan-24 10:44:56 - Создан - iPhone 15 Pro - Смартфоны - re:Store - +12345678910 - Suite 445 9788 Devin Ford, Port Josef, OK 08552 - email@gmail.com - re:Store - iPhone 15 Pro - 999 - 5
20-Jan-24 10:44:56 - Создан - iPhone 15 Plus - Смартфоны - re:Store - +12345678910 - Suite 445 9788 Devin Ford, Port Josef, OK 08552 - email@gmail.com - re:Store - iPhone 15 Plus - 899 - 10
20-Jan-24 10:44:56 - Создан - iPhone 15 - Смартфоны - re:Store - +12345678910 - Suite 445 9788 Devin Ford, Port Josef, OK 08552 - email@gmail.com - re:Store - iPhone 15 - 799 - 15
20-Jan-24 10:44:56 - Создан - iPhone SE - Смартфоны - re:Store - +12345678910 - Suite 445 9788 Devin Ford, Port Josef, OK 08552 - email@gmail.com - re:Store - iPhone SE - 429 - 20
20-Jan-24 10:44:56 - Не создан - None - Смартфоны - re:Store - +12345678910 - Suite 445 9788 Devin Ford, Port Josef, OK 08552 - email@gmail.com - re:Store - iPhone 15 Pro Max - 1199 - 1
20-Jan-24 10:44:56 - Не создан - iPhone 15 Pro - Смартфоны - re:Store - +12345678910 - Suite 445 9788 Devin Ford, Port Josef, OK 08552 - email@gmail.com - re:Store - iPhone 15 Pro - 999 - 5
20-Jan-24 10:44:56 - Не создан - iPhone 15 Plus - Смартфоны - re:Store - +12345678910 - Suite 445 9788 Devin Ford, Port Josef, OK 08552 - email@gmail.com - re:Store - iPhone 15 Plus - 899 - 10
20-Jan-24 10:44:56 - Не создан - iPhone 15 - Смартфоны - re:Store - +12345678910 - Suite 445 9788 Devin Ford, Port Josef, OK 08552 - email@gmail.com - re:Store - iPhone 15 - 799 - 15
20-Jan-24 10:44:56 - Не создан - iPhone SE - Смартфоны - re:Store - +12345678910 - Suite 445 9788 Devin Ford, Port Josef, OK 08552 - email@gmail.com - re:Store - iPhone SE - 429 - 20
20-Jan-24 10:44:56 - Создан - iPhone 15 Pro Max - Смартфоны - re:Store - +12345678910 - Suite 445 9788 Devin Ford, Port Josef, OK 08552 - email@gmail.com - re:Store - iPhone 15 Pro Max - 1199 - 1
20-Jan-24 10:44:56 - Создан - iPhone 15 Pro - Смартфоны - re:Store - +12345678910 - Suite 445 9788 Devin Ford, Port Josef, OK 08552 - email@gmail.com - re:Store - iPhone 15 Pro - 999 - 5
20-Jan-24 10:44:56 - Создан - iPhone 15 Plus - Смартфоны - re:Store - +12345678910 - Suite 445 9788 Devin Ford, Port Josef, OK 08552 - email@gmail.com - re:Store - iPhone 15 Plus - 899 - 10
20-Jan-24 10:44:56 - Создан - iPhone 15 - Смартфоны - re:Store - +12345678910 - Suite 445 9788 Devin Ford, Port Josef, OK 08552 - email@gmail.com - re:Store - iPhone 15 - 799 - 15
20-Jan-24 10:44:56 - Создан - iPhone SE - Смартфоны - re:Store - +12345678910 - Suite 445 9788 Devin Ford, Port Josef, OK 08552 - email@gmail.com - re:Store - iPhone SE - 429 - 20
22-Jan-24 08:40:11 - Не создан - None - Смартфоны - re:Store - +12345678910 - Suite 445 9788 Devin Ford, Port Josef, OK 08552 - email@gmail.com - re:Store - iPhone 15 Pro Max - 1199 - 1
22-Jan-24 08:40:11 - Не создан - iPhone 15 Pro - Смартфоны - re:Store - +12345678910 - Suite 445 9788 Devin Ford, Port Josef, OK 08552 - email@gmail.com - re:Store - iPhone 15 Pro - 999 - 5
22-Jan-24 08:40:11 - Не создан - iPhone 15 Plus - Смартфоны - re:Store - +12345678910 - Suite 445 9788 Devin Ford, Port Josef, OK 08552 - email@gmail.com - re:Store - iPhone 15 Plus - 899 - 10
22-Jan-24 08:40:11 - Не создан - iPhone 15 - Смартфоны - re:Store - +12345678910 - Suite 445 9788 Devin Ford, Port Josef, OK 08552 - email@gmail.com - re:Store - iPhone 15 - 799 - 15
22-Jan-24 08:40:11 - Не создан - iPhone SE - Смартфоны - re:Store - +12345678910 - Suite 445 9788 Devin Ford, Port Josef, OK 08552 - email@gmail.com - re:Store - iPhone SE - 429 - 20
22-Jan-24 08:40:11 - Создан - iPhone 15 Pro Max - Смартфоны - re:Store - +12345678910 - Suite 445 9788 Devin Ford, Port Josef, OK 08552 - email@gmail.com - re:Store - iPhone 15 Pro Max - 1199 - 1
22-Jan-24 08:40:11 - Создан - iPhone 15 Pro - Смартфоны - re:Store - +12345678910 - Suite 445 9788 Devin Ford, Port Josef, OK 08552 - email@gmail.com - re:Store - iPhone 15 Pro - 999 - 5
22-Jan-24 08:40:11 - Создан - iPhone 15 Plus - Смартфоны - re:Store - +12345678910 - Suite 445 9788 Devin Ford, Port Josef, OK 08552 - email@gmail.com - re:Store - iPhone 15 Plus - 899 - 10
22-Jan-24 08:40:11 - Создан - iPhone 15 - Смартфоны - re:Store - +12345678910 - Suite 445 9788 Devin Ford, Port Josef, OK 08552 - email@gmail.com - re:Store - iPhone 15 - 799 - 15
22-Jan-24 08:40:11 - Создан - iPhone SE - Смартфоны - re:Store - +12345678910 - Suite 445 9788 Devin Ford, Port Josef, OK 08552 - email@gmail.com - re:Store - iPhone SE - 429 - 20
22-Jan-24 08:40:11 - Не создан - None - Смартфоны - re:Store - +12345678910 - Suite 445 9788 Devin Ford, Port Josef, OK 08552 - email@gmail.com - re:Store - iPhone 15 Pro Max - 1199 - 1
22-Jan-24 08:40:11 - Не создан - iPhone 15 Pro - Смартфоны - re:Store - +12345678910 - Suite 445 9788 Devin Ford, Port Josef, OK 08552 - email@gmail.com - re:Store - iPhone 15 Pro - 999 - 5
22-Jan-24 08:40:11 - Не создан - iPhone 15 Plus - Смартфоны - re:Store - +12345678910 - Suite 445 9788 Devin Ford, Port Josef, OK 08552 - email@gmail.com - re:Store - iPhone 15 Plus - 899 - 10
22-Jan-24 08:40:11 - Не создан - iPhone 15 - Смартфоны - re:Store - +12345678910 - Suite 445 9788 Devin Ford, Port Josef, OK 08552 - email@gmail.com - re:Store - iPhone 15 - 799 - 15
22-Jan-24 08:40:11 - Не создан - iPhone SE - Смартфоны - re:Store - +12345678910 - Suite 445 9788 Devin Ford, Port Josef, OK 08552 - email@gmail.com - re:Store - iPhone SE - 429 - 20
22-Jan-24 08:40:11 - Создан - iPhone 15 Pro Max - Смартфоны - re:Store - +12345678910 - Suite 445 9788 Devin Ford, Port Josef, OK 08552 - email@gmail.com - re:Store - iPhone 15 Pro Max - 1199 - 1
22-Jan-24 08:40:11 - Создан - iPhone 15 Pro - Смартфоны - re:Store - +12345678910 - Suite 445 9788 Devin Ford, Port Josef, OK 08552 - email@gmail.com - re:Store - iPhone 15 Pro - 999 - 5
22-Jan-24 08:40:11 - Создан - iPhone 15 Plus - Смартфоны - re:Store - +12345678910 - Suite 445 9788 Devin Ford, Port Josef, OK 08552 - email@gmail.com - re:Store - iPhone 15 Plus - 899 - 10
22-Jan-24 08:40:11 - Создан - iPhone 15 - Смартфоны - re:Store - +12345678910 - Suite 445 9788 Devin Ford, Port Josef, OK 08552 - email@gmail.com - re:Store - iPhone 15 - 799 - 15
22-Jan-24 08:40:11 - Создан - iPhone SE - Смартфоны - re:Store - +12345678910 - Suite 445 9788 Devin Ford, Port Josef, OK 08552 - email@gmail.com - re:Store - iPhone SE - 429 - 20
24-Jan-24 17:03:59 - Не создан - None - Смартфоны - re:Store - +12345678910 - Suite 445 9788 Devin Ford, Port Josef, OK 08552 - email@gmail.com - re:Store - iPhone 15 Pro Max - 1199 - 1
24-Jan-24 17:03:59 - Не создан - iPhone 15 Pro - Смартфоны - re:Store - +12345678910 - Suite 445 9788 Devin Ford, Port Josef, OK 08552 - email@gmail.com - re:Store - iPhone 15 Pro - 999 - 5
24-Jan-24 17:03:59 - Не создан - iPhone 15 Plus - Смартфоны - re:Store - +12345678910 - Suite 445 9788 Devin Ford, Port Josef, OK 08552 - email@gmail.com - re:Store - iPhone 15 Plus - 899 - 10
24-Jan-24 17:03:59 - Не создан - iPhone 15 - Смартфоны - re:Store - +12345678910 - Suite 445 9788 Devin Ford, Port Josef, OK 08552 - email@gmail.com - re:Store - iPhone 15 - 799 - 15
24-Jan-24 17:03:59 - Не создан - iPhone SE - Смартфоны - re:Store - +12345678910 - Suite 445 9788 Devin Ford, Port Josef, OK 08552 - email@gmail.com - re:Store - iPhone SE - 429 - 20
24-Jan-24 17:03:59 - Создан - iPhone 15 Pro Max - Смартфоны - re:Store - +12345678910 - Suite 445 9788 Devin Ford, Port Josef, OK 08552 - email@gmail.com - re:Store - iPhone 15 Pro Max - 1199 - 1
24-Jan-24 17:03:59 - Создан - iPhone 15 Pro - Смартфоны - re:Store - +12345678910 - Suite 445 9788 Devin Ford, Port Josef, OK 08552 - email@gmail.com - re:Store - iPhone 15 Pro - 999 - 5
24-Jan-24 17:03:59 - Создан - iPhone 15 Plus - Смартфоны - re:Store - +12345678910 - Suite 445 9788 Devin Ford, Port Josef, OK 08552 - email@gmail.com - re:Store - iPhone 15 Plus - 899 - 10
24-Jan-24 17:03:59 - Создан - iPhone 15 - Смартфоны - re:Store - +12345678910 - Suite 445 9788 Devin Ford, Port Josef, OK 08552 - email@gmail.com - re:Store - iPhone 15 - 799 - 15
24-Jan-24 17:03:59 - Создан - iPhone SE - Смартфоны - re:Store - +12345678910 - Suite 445 9788 Devin Ford, Port Josef, OK 08552 - email@gmail.com - re:Store - iPhone SE - 429 - 20
24-Jan-24 17:03:59 - Не создан - None - Смартфоны - re:Store - +12345678910 - Suite 445 9788 Devin Ford, Port Josef, OK 08552 - email@gmail.com - re:Store - iPhone 15 Pro Max - 1199 - 1
24-Jan-24 17:03:59 - Не создан - iPhone 15 Pro - Смартфоны - re:Store - +12345678910 - Suite 445 9788 Devin Ford, Port Josef, OK 08552 - email@gmail.com - re:Store - iPhone 15 Pro - 999 - 5
24-Jan-24 17:03:59 - Не создан - iPhone 15 Plus - Смартфоны - re:Store - +12345678910 - Suite 445 9788 Devin Ford, Port Josef, OK 08552 - email@gmail.com - re:Store - iPhone 15 Plus - 899 - 10
24-Jan-24 17:03:59 - Не создан - iPhone 15 - Смартфоны - re:Store - +12345678910 - Suite 445 9788 Devin Ford, Port Josef, OK 08552 - email@gmail.com - re:Store - iPhone 15 - 799 - 15
24-Jan-24 17:03:59 - Не создан - iPhone SE - Смартфоны - re:Store - +12345678910 - Suite 445 9788 Devin Ford, Port Josef, OK 08552 - email@gmail.com - re:Store - iPhone SE - 429 - 20
24-Jan-24 17:03:59 - Создан - iPhone 15 Pro Max - Смартфоны - re:Store - +12345678910 - Suite 445 9788 Devin Ford, Port Josef, OK 08552 - email@gmail.com - re:Store - iPhone 15 Pro Max - 1199 - 1
24-Jan-24 17:03:59 - Создан - iPhone 15 Pro - Смартфоны - re:Store - +12345678910 - Suite 445 9788 Devin Ford, Port Josef, OK 08552 - email@gmail.com - re:Store - iPhone 15 Pro - 999 - 5
24-Jan-24 17:03:59 - Создан - iPhone 15 Plus - Смартфоны - re:Store - +12345678910 - Suite 445 9788 Devin Ford, Port Josef, OK 08552 - email@gmail.com - re:Store - iPhone 15 Plus - 899 - 10
24-Jan-24 17:03:59 - Создан - iPhone 15 - Смартфоны - re:Store - +12345678910 - Suite 445 9788 Devin Ford, Port Josef, OK 08552 - email@gmail.com - re:Store - iPhone 15 - 799 - 15
24-Jan-24 17:03:59 - Создан - iPhone SE - Смартфоны - re:Store - +12345678910 - Suite 445 9788 Devin Ford, Port Josef, OK 08552 - email@gmail.com - re:Store - iPhone SE - 429 - 20
25-Jan-24 09:01:09 - Не создан - None - Смартфоны - re:Store - +12345678910 - Suite 445 9788 Devin Ford, Port Josef, OK 08552 - email@gmail.com - re:Store - iPhone 15 Pro Max - 1199 - 1
25-Jan-24 09:01:09 - Не создан - iPhone 15 Pro - Смартфоны - re:Store - +12345678910 - Suite 445 9788 Devin Ford, Port Josef, OK 08552 - email@gmail.com - re:Store - iPhone 15 Pro - 999 - 5
25-Jan-24 09:01:09 - Не создан - iPhone 15 Plus - Смартфоны - re:Store - +12345678910 - Suite 445 9788 Devin Ford, Port Josef, OK 08552 - email@gmail.com - re:Store - iPhone 15 Plus - 899 - 10
25-Jan-24 09:01:09 - Не создан - iPhone 15 - Смартфоны - re:Store - +12345678910 - Suite 445 9788 Devin Ford, Port Josef, OK 08552 - email@gmail.com - re:Store - iPhone 15 - 799 - 15
25-Jan-24 09:01:09 - Не создан - iPhone SE - Смартфоны - re:Store - +12345678910 - Suite 445 9788 Devin Ford, Port Josef, OK 08552 - email@gmail.com - re:Store - iPhone SE - 429 - 20
25-Jan-24 09:01:09 - Создан - iPhone 15 Pro Max - Смартфоны - re:Store - +12345678910 - Suite 445 9788 Devin Ford, Port Josef, OK 08552 - email@gmail.com - re:Store - iPhone 15 Pro Max - 1199 - 1
25-Jan-24 09:01:09 - Создан - iPhone 15 Pro - Смартфоны - re:Store - +12345678910 - Suite 445 9788 Devin Ford, Port Josef, OK 08552 - email@gmail.com - re:Store - iPhone 15 Pro - 999 - 5
25-Jan-24 09:01:09 - Создан - iPhone 15 Plus - Смартфоны - re:Store - +12345678910 - Suite 445 9788 Devin Ford, Port Josef, OK 08552 - email@gmail.com - re:Store - iPhone 15 Plus - 899 - 10
25-Jan-24 09:01:09 - Создан - iPhone 15 - Смартфоны - re:Store - +12345678910 - Suite 445 9788 Devin Ford, Port Josef, OK 08552 - email@gmail.com - re:Store - iPhone 15 - 799 - 15
25-Jan-24 09:01:09 - Создан - iPhone SE - Смартфоны - re:Store - +12345678910 - Suite 445 9788 Devin Ford, Port Josef, OK 08552 - email@gmail.com - re:Store - iPhone SE - 429 - 20
25-Jan-24 09:01:09 - Не создан - None - Смартфоны - re:Store - +12345678910 - Suite 445 9788 Devin Ford, Port Josef, OK 08552 - email@gmail.com - re:Store - iPhone 15 Pro Max - 1199 - 1
25-Jan-24 09:01:09 - Не создан - iPhone 15 Pro - Смартфоны - re:Store - +12345678910 - Suite 445 9788 Devin Ford, Port Josef, OK 08552 - email@gmail.com - re:Store - iPhone 15 Pro - 999 - 5
25-Jan-24 09:01:09 - Не создан - iPhone 15 Plus - Смартфоны - re:Store - +12345678910 - Suite 445 9788 Devin Ford, Port Josef, OK 08552 - email@gmail.com - re:Store - iPhone 15 Plus - 899 - 10
25-Jan-24 09:01:09 - Не создан - iPhone 15 - Смартфоны - re:Store - +12345678910 - Suite 445 9788 Devin Ford, Port Josef, OK 08552 - email@gmail.com - re:Store - iPhone 15 - 799 - 15
25-Jan-24 09:01:09 - Не создан - iPhone SE - Смартфоны - re:Store - +12345678910 - Suite 445 9788 Devin Ford, Port Josef, OK 08552 - email@gmail.com - re:Store - iPhone SE - 429 - 20
25-Jan-24 09:01:09 - Создан - iPhone 15 Pro Max - Смартфоны - re:Store - +12345678910 - Suite 445 9788 Devin Ford, Port Josef, OK 08552 - email@gmail.com - re:Store - iPhone 15 Pro Max - 1199 - 1
25-Jan-24 09:01:09 - Создан - iPhone 15 Pro - Смартфоны - re:Store - +12345678910 - Suite 445 9788 Devin Ford, Port Josef, OK 08552 - email@gmail.com - re:Store - iPhone 15 Pro - 999 - 5
25-Jan-24 09:01:09 - Создан - iPhone 15 Plus - Смартфоны - re:Store - +12345678910 - Suite 445 9788 Devin Ford, Port Josef, OK 08552 - email@gmail.com - re:Store - iPhone 15 Plus - 899 - 10
25-Jan-24 09:01:09 - Создан - iPhone 15 - Смартфоны - re:Store - +12345678910 - Suite 445 9788 Devin Ford, Port Josef, OK 08552 - email@gmail.com - re:Store - iPhone 15 - 799 - 15
25-Jan-24 09:01:09 - Создан - iPhone SE - Смартфоны - re:Store - +12345678910 - Suite 445 9788 Devin Ford, Port Josef, OK 08552 - email@gmail.com - re:Store - iPhone SE - 429 - 20
30-Jan-24 11:09:15 - Не создан - None - Смартфоны - re:Store - +12345678910 - Suite 445 9788 Devin Ford, Port Josef, OK 08552 - email@gmail.com - re:Store - iPhone 15 Pro Max - 1199 - 1
30-Jan-24 11:09:15 - Не создан - iPhone 15 Pro - Смартфоны - re:Store - +12345678910 - Suite 445 9788 Devin Ford, Port Josef, OK 08552 - email@gmail.com - re:Store - iPhone 15 Pro - 999 - 5
30-Jan-24 11:09:15 - Не создан - iPhone 15 Plus - Смартфоны - re:Store - +12345678910 - Suite 445 9788 Devin Ford, Port Josef, OK 08552 - email@gmail.com - re:Store - iPhone 15 Plus - 899 - 10
30-Jan-24 11:09:15 - Не создан - iPhone 15 - Смартфоны - re:Store - +12345678910 - Suite 445 9788 Devin Ford, Port Josef, OK 08552 - email@gmail.com - re:Store - iPhone 15 - 799 - 15
30-Jan-24 11:09:15 - Не создан - iPhone SE - Смартфоны - re:Store - +12345678910 - Suite 445 9788 Devin Ford, Port Josef, OK 08552 - email@gmail.com - re:Store - iPhone SE - 429 - 20
30-Jan-24 11:09:15 - Создан - iPhone 15 Pro Max - Смартфоны - re:Store - +12345678910 - Suite 445 9788 Devin Ford, Port Josef, OK 08552 - email@gmail.com - re:Store - iPhone 15 Pro Max - 1199 - 1
30-Jan-24 11:09:15 - Создан - iPhone 15 Pro - Смартфоны - re:Store - +12345678910 - Suite 445 9788 Devin Ford, Port Josef, OK 08552 - email@gmail.com - re:Store - iPhone 15 Pro - 999 - 5
30-Jan-24 11:09:15 - Создан - iPhone 15 Plus - Смартфоны - re:Store - +12345678910 - Suite 445 9788 Devin Ford, Port Josef, OK 08552 - email@gmail.com - re:Store - iPhone 15 Plus - 899 - 10
30-Jan-24 11:09:15 - Создан - iPhone 15 - Смартфоны - re:Store - +12345678910 - Suite 445 9788 Devin Ford, Port Josef, OK 08552 - email@gmail.com - re:Store - iPhone 15 - 799 - 15
30-Jan-24 11:09:15 - Создан - iPhone SE - Смартфоны - re:Store - +12345678910 - Suite 445 9788 Devin Ford, Port Josef, OK 08552 - email@gmail.com - re:Store - iPhone SE - 429 - 20
30-Jan-24 11:09:15 - Не создан - None - Смартфоны - re:Store - +12345678910 - Suite 445 9788 Devin Ford, Port Josef, OK 08552 - email@gmail.com - re:Store - iPhone 15 Pro Max - 1199 - 1
30-Jan-24 11:09:15 - Не создан - iPhone 15 Pro - Смартфоны - re:Store - +12345678910 - Suite 445 9788 Devin Ford, Port Josef, OK 08552 - email@gmail.com - re:Store - iPhone 15 Pro - 999 - 5
30-Jan-24 11:09:15 - Не создан - iPhone 15 Plus - Смартфоны - re:Store - +12345678910 - Suite 445 9788 Devin Ford, Port Josef, OK 08552 - email@gmail.com - re:Store - iPhone 15 Plus - 899 - 10
30-Jan-24 11:09:15 - Не создан - iPhone 15 - Смартфоны - re:Store - +12345678910 - Suite 445 9788 Devin Ford, Port Josef, OK 08552 - email@gmail.com - re:Store - iPhone 15 - 799 - 15
30-Jan-24 11:09:15 - Не создан - iPhone SE - Смартфоны - re:Store - +12345678910 - Suite 445 9788 Devin Ford, Port Josef, OK 08552 - email@gmail.com - re:Store - iPhone SE - 429 - 20
30-Jan-24 11:09:15 - Создан - iPhone 15 Pro Max - Смартфоны - re:Store - +12345678910 - Suite 445 9788 Devin Ford, Port Josef, OK 08552 - email@gmail.com - re:Store - iPhone 15 Pro Max - 1199 - 1
30-Jan-24 11:09:15 - Создан - iPhone 15 Pro - Смартфоны - re:Store - +12345678910 - Suite 445 9788 Devin Ford, Port Josef, OK 08552 - email@gmail.com - re:Store - iPhone 15 Pro - 999 - 5
30-Jan-24 11:09:15 - Создан - iPhone 15 Plus - Смартфоны - re:Store - +12345678910 - Suite 445 9788 Devin Ford, Port Josef, OK 08552 - email@gmail.com - re:Store - iPhone 15 Plus - 899 - 10
30-Jan-24 11:09:16 - Создан - iPhone 15 - Смартфоны - re:Store - +12345678910 - Suite 445 9788 Devin Ford, Port Josef, OK 08552 - email@gmail.com - re:Store - iPhone 15 - 799 - 15
30-Jan-24 11:09:16 - Создан - iPhone SE - Смартфоны - re:Store - +12345678910 - Suite 445 9788 Devin Ford, Port Josef, OK 08552 - email@gmail.com - re:Store - iPhone SE - 429 - 20
31-Jan-24 09:32:57 - Не создан - None - Смартфоны - re:Store - +12345678910 - Suite 445 9788 Devin Ford, Port Josef, OK 08552 - email@gmail.com - re:Store - iPhone 15 Pro Max - 1199 - 1
31-Jan-24 09:32:57 - Не создан - iPhone 15 Pro - Смартфоны - re:Store - +12345678910 - Suite 445 9788 Devin Ford, Port Josef, OK 08552 - email@gmail.com - re:Store - iPhone 15 Pro - 999 - 5
31-Jan-24 09:32:57 - Не создан - iPhone 15 Plus - Смартфоны - re:Store - +12345678910 - Suite 445 9788 Devin Ford, Port Josef, OK 08552 - email@gmail.com - re:Store - iPhone 15 Plus - 899 - 10
31-Jan-24 09:32:57 - Не создан - iPhone 15 - Смартфоны - re:Store - +12345678910 - Suite 445 9788 Devin Ford, Port Josef, OK 08552 - email@gmail.com - re:Store - iPhone 15 - 799 - 15
31-Jan-24 09:32:57 - Не создан - iPhone SE - Смартфоны - re:Store - +12345678910 - Suite 445 9788 Devin Ford, Port Josef, OK 08552 - email@gmail.com - re:Store - iPhone SE - 429 - 20
31-Jan-24 09:32:57 - Создан - iPhone 15 Pro Max - Смартфоны - re:Store - +12345678910 - Suite 445 9788 Devin Ford, Port Josef, OK 08552 - email@gmail.com - re:Store - iPhone 15 Pro Max - 1199 - 1
31-Jan-24 09:32:57 - Создан - iPhone 15 Pro - Смартфоны - re:Store - +12345678910 - Suite 445 9788 Devin Ford, Port Josef, OK 08552 - email@gmail.com - re:Store - iPhone 15 Pro - 999 - 5
31-Jan-24 09:32:57 - Создан - iPhone 15 Plus - Смартфоны - re:Store - +12345678910 - Suite 445 9788 Devin Ford, Port Josef, OK 08552 - email@gmail.com - re:Store - iPhone 15 Plus - 899 - 10
31-Jan-24 09:32:57 - Создан - iPhone 15 - Смартфоны - re:Store - +12345678910 - Suite 445 9788 Devin Ford, Port Josef, OK 08552 - email@gmail.com - re:Store - iPhone 15 - 799 - 15
31-Jan-24 09:32:57 - Создан - iPhone SE - Смартфоны - re:Store - +12345678910 - Suite 445 9788 Devin Ford, Port Josef, OK 08552 - email@gmail.com - re:Store - iPhone SE - 429 - 20
31-Jan-24 09:32:57 - Не создан - None - Смартфоны - re:Store - +12345678910 - Suite 445 9788 Devin Ford, Port Josef, OK 08552 - email@gmail.com - re:Store - iPhone 15 Pro Max - 1199 - 1
31-Jan-24 09:32:57 - Не создан - iPhone 15 Pro - Смартфоны - re:Store - +12345678910 - Suite 445 9788 Devin Ford, Port Josef, OK 08552 - email@gmail.com - re:Store - iPhone 15 Pro - 999 - 5
31-Jan-24 09:32:57 - Не создан - iPhone 15 Plus - Смартфоны - re:Store - +12345678910 - Suite 445 9788 Devin Ford, Port Josef, OK 08552 - email@gmail.com - re:Store - iPhone 15 Plus - 899 - 10
31-Jan-24 09:32:57 - Не создан - iPhone 15 - Смартфоны - re:Store - +12345678910 - Suite 445 9788 Devin Ford, Port Josef, OK 08552 - email@gmail.com - re:Store - iPhone 15 - 799 - 15
31-Jan-24 09:32:57 - Не создан - iPhone SE - Смартфоны - re:Store - +12345678910 - Suite 445 9788 Devin Ford, Port Josef, OK 08552 - email@gmail.com - re:Store - iPhone SE - 429 - 20
31-Jan-24 09:32:57 - Создан - iPhone 15 Pro Max - Смартфоны - re:Store - +12345678910 - Suite 445 9788 Devin Ford, Port Josef, OK 08552 - email@gmail.com - re:Store - iPhone 15 Pro Max - 1199 - 1
31-Jan-24 09:32:57 - Создан - iPhone 15 Pro - Смартфоны - re:Store - +12345678910 - Suite 445 9788 Devin Ford, Port Josef, OK 08552 - email@gmail.com - re:Store - iPhone 15 Pro - 999 - 5
31-Jan-24 09:32:57 - Создан - iPhone 15 Plus - Смартфоны - re:Store - +12345678910 - Suite 445 9788 Devin Ford, Port Josef, OK 08552 - email@gmail.com - re:Store - iPhone 15 Plus - 899 - 10
31-Jan-24 09:32:57 - Создан - iPhone 15 - Смартфоны - re:Store - +12345678910 - Suite 445 9788 Devin Ford, Port Josef, OK 08552 - email@gmail.com - re:Store - iPhone 15 - 799 - 15
31-Jan-24 09:32:57 - Создан - iPhone SE - Смартфоны - re:Store - +12345678910 - Suite 445 9788 Devin Ford, Port Josef, OK 08552 - email@gmail.com - re:Store - iPhone SE - 429 - 20
02-Feb-24 15:32:22 -   - None -  - re:Store - +12345678910 - Suite 445 9788 Devin Ford, Port Josef, OK 08552 - email@gmail.com - re:Store - iPhone 15 Pro Max - 1199 - 1
02-Feb-24 15:32:22 -   - iPhone 15 Pro -  - re:Store - +12345678910 - Suite 445 9788 Devin Ford, Port Josef, OK 08552 - email@gmail.com - re:Store - iPhone 15 Pro - 999 - 5
02-Feb-24 15:32:22 -   - iPhone 15 Plus -  - re:Store - +12345678910 - Suite 445 9788 Devin Ford, Port Josef, OK 08552 - email@gmail.com - re:Store - iPhone 15 Plus - 899 - 10
02-Feb-24 15:32:22 -   - iPhone 15 -  - re:Store - +12345678910 - Suite 445 9788 Devin Ford, Port Josef, OK 08552 - email@gmail.com - re:Store - iPhone 15 - 799 - 15
02-Feb-24 15:32:22 -   - iPhone SE -  - re:Store - +12345678910 - Suite 445 9788 Devin Ford, Port Josef, OK 08552 - email@gmail.com - re:Store - iPhone SE - 429 - 20
02-Feb-24 15:32:22 -  - iPhone 15 Pro Max -  - re:Store - +12345678910 - Suite 445 9788 Devin Ford, Port Josef, OK 08552 - email@gmail.com - re:Store - iPhone 15 Pro Max - 1199 - 1
02-Feb-24 15:32:22 -  - iPhone 15 Pro -  - re:Store - +12345678910 - Suite 445 9788 Devin Ford, Port Josef, OK 08552 - email@gmail.com - re:Store - iPhone 15 Pro - 999 - 5
02-Feb-24 15:32:22 -  - iPhone 15 Plus -  - re:Store - +12345678910 - Suite 445 9788 Devin Ford, Port Josef, OK 08552 - email@gmail.com - re:Store - iPhone 15 Plus - 899 - 10
02-Feb-24 15:32:22 -  - iPhone 15 -  - re:Store - +12345678910 - Suite 445 9788 Devin Ford, Port Josef, OK 08552 - email@gmail.com - re:Store - iPhone 15 - 799 - 15
02-Feb-24 15:32:22 -  - iPhone SE -  - re:Store - +12345678910 - Suite 445 9788 Devin Ford, Port Josef, OK 08552 - email@gmail.com - re:Store - iPhone SE - 429 - 20
02-Feb-24 15:32:22 -   - None -  - re:Store - +12345678910 - Suite 445 9788 Devin Ford, Port Josef, OK 08552 - email@gmail.com - re:Store - iPhone 15 Pro Max - 1199 - 1
02-Feb-24 15:32:22 -   - iPhone 15 Pro -  - re:Store - +12345678910 - Suite 445 9788 Devin Ford, Port Josef, OK 08552 - email@gmail.com - re:Store - iPhone 15 Pro - 999 - 5
02-Feb-24 15:32:22 -   - iPhone 15 Plus -  - re:Store - +12345678910 - Suite 445 9788 Devin Ford, Port Josef, OK 08552 - email@gmail.com - re:Store - iPhone 15 Plus - 899 - 10
02-Feb-24 15:32:22 -   - iPhone 15 -  - re:Store - +12345678910 - Suite 445 9788 Devin Ford, Port Josef, OK 08552 - email@gmail.com - re:Store - iPhone 15 - 799 - 15
02-Feb-24 15:32:22 -   - iPhone SE -  - re:Store - +12345678910 - Suite 445 9788 Devin Ford, Port Josef, OK 08552 - email@gmail.com - re:Store - iPhone SE - 429 - 20
02-Feb-24 15:32:22 -  - iPhone 15 Pro Max -  - re:Store - +12345678910 - Suite 445 9788 Devin Ford, Port Josef, OK 08552 - email@gmail.com - re:Store - iPhone 15 Pro Max - 1199 - 1
02-Feb-24 15:32:22 -  - iPhone 15 Pro -  - re:Store - +12345678910 - Suite 445 9788 Devin Ford, Port Josef, OK 08552 - email@gmail.com - re:Store - iPhone 15 Pro - 999 - 5
02-Feb-24 15:32:22 -  - iPhone 15 Plus -  - re:Store - +12345678910 - Suite 445 9788 Devin Ford, Port Josef, OK 08552 - email@gmail.com - re:Store - iPhone 15 Plus - 899 - 10
02-Feb-24 15:32:22 -  - iPhone 15 -  - re:Store - +12345678910 - Suite 445 9788 Devin Ford, Port Josef, OK 08552 - email@gmail.com - re:Store - iPhone 15 - 799 - 15
02-Feb-24 15:32:22 -  - iPhone SE -  - re:Store - +12345678910 - Suite 445 9788 Devin Ford, Port Josef, OK 08552 - email@gmail.com - re:Store - iPhone SE - 429 - 20
02-Feb-24 15:39:59 -   - None -  - re:Store - +12345678910 - Suite 445 9788 Devin Ford, Port Josef, OK 08552 - email@gmail.com - re:Store - iPhone 15 Pro Max - 1199 - 1
02-Feb-24 15:39:59 -   - iPhone 15 Pro -  - re:Store - +12345678910 - Suite 445 9788 Devin Ford, Port Josef, OK 08552 - email@gmail.com - re:Store - iPhone 15 Pro - 999 - 5
02-Feb-24 15:39:59 -   - iPhone 15 Plus -  - re:Store - +12345678910 - Suite 445 9788 Devin Ford, Port Josef, OK 08552 - email@gmail.com - re:Store - iPhone 15 Plus - 899 - 10
02-Feb-24 15:39:59 -   - iPhone 15 -  - re:Store - +12345678910 - Suite 445 9788 Devin Ford, Port Josef, OK 08552 - email@gmail.com - re:Store - iPhone 15 - 799 - 15
02-Feb-24 15:39:59 -   - iPhone SE -  - re:Store - +12345678910 - Suite 445 9788 Devin Ford, Port Josef, OK 08552 - email@gmail.com - re:Store - iPhone SE - 429 - 20
02-Feb-24 15:39:59 -  - iPhone 15 Pro Max -  - re:Store - +12345678910 - Suite 445 9788 Devin Ford, Port Josef, OK 08552 - email@gmail.com - re:Store - iPhone 15 Pro Max - 1199 - 1
02-Feb-24 15:39:59 -  - iPhone 15 Pro -  - re:Store - +12345678910 - Suite 445 9788 Devin Ford, Port Josef, OK 08552 - email@gmail.com - re:Store - iPhone 15 Pro - 999 - 5
02-Feb-24 15:39:59 -  - iPhone 15 Plus -  - re:Store - +12345678910 - Suite 445 9788 Devin Ford, Port Josef, OK 08552 - email@gmail.com - re:Store - iPhone 15 Plus - 899 - 10
02-Feb-24 15:39:59 -  - iPhone 15 -  - re:Store - +12345678910 - Suite 445 9788 Devin Ford, Port Josef, OK 08552 - email@gmail.com - re:Store - iPhone 15 - 799 - 15
02-Feb-24 15:39:59 -  - iPhone SE -  - re:Store - +12345678910 - Suite 445 9788 Devin Ford, Port Josef, OK 08552 - email@gmail.com - re:Store - iPhone SE - 429 - 20
02-Feb-24 15:39:59 -   - None -  - re:Store - +12345678910 - Suite 445 9788 Devin Ford, Port Josef, OK 08552 - email@gmail.com - re:Store - iPhone 15 Pro Max - 1199 - 1
02-Feb-24 15:39:59 -   - iPhone 15 Pro -  - re:Store - +12345678910 - Suite 445 9788 Devin Ford, Port Josef, OK 08552 - email@gmail.com - re:Store - iPhone 15 Pro - 999 - 5
02-Feb-24 15:39:59 -   - iPhone 15 Plus -  - re:Store - +12345678910 - Suite 445 9788 Devin Ford, Port Josef, OK 08552 - email@gmail.com - re:Store - iPhone 15 Plus - 899 - 10
02-Feb-24 15:39:59 -   - iPhone 15 -  - re:Store - +12345678910 - Suite 445 9788 Devin Ford, Port Josef, OK 08552 - email@gmail.com - re:Store - iPhone 15 - 799 - 15
02-Feb-24 15:39:59 -   - iPhone SE -  - re:Store - +12345678910 - Suite 445 9788 Devin Ford, Port Josef, OK 08552 - email@gmail.com - re:Store - iPhone SE - 429 - 20
02-Feb-24 15:39:59 -  - iPhone 15 Pro Max -  - re:Store - +12345678910 - Suite 445 9788 Devin Ford, Port Josef, OK 08552 - email@gmail.com - re:Store - iPhone 15 Pro Max - 1199 - 1
02-Feb-24 15:39:59 -  - iPhone 15 Pro -  - re:Store - +12345678910 - Suite 445 9788 Devin Ford, Port Josef, OK 08552 - email@gmail.com - re:Store - iPhone 15 Pro - 999 - 5
02-Feb-24 15:39:59 -  - iPhone 15 Plus -  - re:Store - +12345678910 - Suite 445 9788 Devin Ford, Port Josef, OK 08552 - email@gmail.com - re:Store - iPhone 15 Plus - 899 - 10
02-Feb-24 15:39:59 -  - iPhone 15 -  - re:Store - +12345678910 - Suite 445 9788 Devin Ford, Port Josef, OK 08552 - email@gmail.com - re:Store - iPhone 15 - 799 - 15
02-Feb-24 15:39:59 -  - iPhone SE -  - re:Store - +12345678910 - Suite 445 9788 Devin Ford, Port Josef, OK 08552 - email@gmail.com - re:Store - iPhone SE - 429 - 20
